#
# A fatal error has been detected by the Java Runtime Environment:
#
#  EXCEPTION_ACCESS_VIOLATION (0xc0000005) at pc=0x000001eed71c1884, pid=2388, tid=14216
#
# JRE version: OpenJDK Runtime Environment (11.0.12+7) (build 11.0.12+7-b1504.28-7817840)
# Java VM: OpenJDK 64-Bit Server VM (11.0.12+7-b1504.28-7817840, mixed mode, tiered, compressed oops, g1 gc, windows-amd64)
# Problematic frame:
# J 9012 c1 com.google.common.cache.LocalCache$Segment.expand()V (282 bytes) @ 0x000001eed71c1884 [0x000001eed71c0fe0+0x00000000000008a4]
#
# No core dump will be written. Minidumps are not enabled by default on client versions of Windows
#
# If you would like to submit a bug report, please visit:
#   https://bugreport.java.com/bugreport/crash.jsp
#

---------------  S U M M A R Y ------------

Command Line: --add-opens=java.base/java.util=ALL-UNNAMED --add-opens=java.base/java.lang=ALL-UNNAMED --add-opens=java.base/java.lang.invoke=ALL-UNNAMED --add-opens=java.base/java.util=ALL-UNNAMED --add-opens=java.prefs/java.util.prefs=ALL-UNNAMED --add-opens=java.prefs/java.util.prefs=ALL-UNNAMED --add-opens=java.base/java.nio.charset=ALL-UNNAMED --add-opens=java.base/java.net=ALL-UNNAMED --add-opens=java.base/java.util.concurrent.atomic=ALL-UNNAMED -Xmx2048m -Dfile.encoding=UTF-8 -Duser.country=IN -Duser.language=en -Duser.variant org.gradle.launcher.daemon.bootstrap.GradleDaemon 7.2

Host: Intel(R) Core(TM) i3-6006U CPU @ 2.00GHz, 4 cores, 7G,  Windows 10 , 64 bit Build 19041 (10.0.19041.1741)
Time: Sat Jan 14 11:10:04 2023 India Standard Time elapsed time: 36.326135 seconds (0d 0h 0m 36s)

---------------  T H R E A D  ---------------

Current thread (0x000001eef0b05000):  JavaThread "Unconstrained build operations Thread 19" [_thread_in_Java, id=14216, stack(0x0000002efd700000,0x0000002efd800000)]

Stack: [0x0000002efd700000,0x0000002efd800000],  sp=0x0000002efd7facc0,  free space=1003k
Native frames: (J=compiled Java code, j=interpreted, Vv=VM code, C=native code)
C  0x000001eed71c1884


siginfo: EXCEPTION_ACCESS_VIOLATION (0xc0000005), reading address 0x0000000000000408


Register to memory mapping:

RIP=0x000001eed71c1884 is at entry_point+2212 in (nmethod*)0x000001eed71c0790
RAX=0x000001eeec8286c0 is pointing into metadata
RBX=0x0000000000000400 is an unknown value
RCX=0x000001eeee84ea38 is pointing into metadata
RDX=0x000001eef51189f8 is pointing into metadata
RSP=0x0000002efd7facc0 is pointing into the stack for thread: 0x000001eef0b05000
RBP=0x0000002efd7fe878 is pointing into the stack for thread: 0x000001eef0b05000
RSI=0x0000000000000107 is an unknown value
RDI=0x00000000807d47f8 is an oop: java.lang.Class 
{0x00000000807d47f8} - klass: 'java/lang/Class'
R8 =0x0000000086aabb70 is an oop: java.util.concurrent.atomic.AtomicReferenceArray 
{0x0000000086aabb70} - klass: 'java/util/concurrent/atomic/AtomicReferenceArray'
R9 =0x0000000000000400 is an unknown value
R10=0x000001eed1f81000 points into unknown readable memory: 0x0000000000000000 | 00 00 00 00 00 00 00 00
R11=0x0000000000000300 is an unknown value
R12=0x0 is NULL
R13=0x0000000000050380 is an unknown value
R14=0x0000000100001000 is a pointer to class: 
java.lang.Object {0x0000000100001008}
R15=0x000001eef0b05000 is a thread


Registers:
RAX=0x000001eeec8286c0, RBX=0x0000000000000400, RCX=0x000001eeee84ea38, RDX=0x000001eef51189f8
RSP=0x0000002efd7facc0, RBP=0x0000002efd7fe878, RSI=0x0000000000000107, RDI=0x00000000807d47f8
R8 =0x0000000086aabb70, R9 =0x0000000000000400, R10=0x000001eed1f81000, R11=0x0000000000000300
R12=0x0000000000000000, R13=0x0000000000050380, R14=0x0000000100001000, R15=0x000001eef0b05000
RIP=0x000001eed71c1884, EFLAGS=0x0000000000010206

Top of Stack: (sp=0x0000002efd7facc0)
0x0000002efd7facc0:   000000008897d440 00007ffbdb98d820
0x0000002efd7facd0:   000001eef8290040 000001eed5acadfe
0x0000002efd7face0:   0000000000000001 0000002efd7fadc0
0x0000002efd7facf0:   0000002efd7fadc0 000001eef15d76e8
0x0000002efd7fad00:   00007ffbdc24fa80 0000000020f7dddc
0x0000002efd7fad10:   42889f547d576000 0000000000000000
0x0000002efd7fad20:   0000000000000000 0000000000000000
0x0000002efd7fad30:   0000000000000000 0000000000000097
0x0000002efd7fad40:   0000000000817fe2 0000000000000000
0x0000002efd7fad50:   0000000000000000 0000000000000000
0x0000002efd7fad60:   0000000000000000 00007ffbdbdddee1
0x0000002efd7fad70:   0000000000000000 00007ffbdbf0cf69
0x0000002efd7fad80:   0000000000000000 00007ffc64801ace
0x0000002efd7fad90:   000001eef37f1150 00007ffbdbdddb55
0x0000002efd7fada0:   000001eef0b05000 0000002efd7fae88
0x0000002efd7fadb0:   0000002e00000000 00007ffbdbdddc27 

Instructions: (pc=0x000001eed71c1884)
0x000001eed71c1784:   01 00 00 00 00 00 00 0f 8d 0a 00 00 00 49 bd 60
0x000001eed71c1794:   01 00 00 00 00 00 00 4e 8b 34 28 4d 8d 76 01 4e
0x000001eed71c17a4:   89 34 28 0f 8d 2b 2a 00 00 48 63 de b9 02 00 00
0x000001eed71c17b4:   00 48 d3 e3 48 b9 10 00 00 00 00 00 00 00 48 03
0x000001eed71c17c4:   d9 8b 1c 1f 41 0f be 7f 30 83 ff 00 0f 85 e7 39
0x000001eed71c17d4:   00 00 48 bf f8 47 7d 80 00 00 00 00 48 b9 08 4e
0x000001eed71c17e4:   7f f4 ee 01 00 00 48 83 81 e8 01 00 00 01 48 bf
0x000001eed71c17f4:   38 ea 84 ee ee 01 00 00 8b 8f 04 01 00 00 83 c1
0x000001eed71c1804:   08 89 8f 04 01 00 00 81 e1 f8 ff 7f 00 83 f9 00
0x000001eed71c1814:   0f 84 bb 39 00 00 48 83 fb 00 48 bf 38 ea 84 ee
0x000001eed71c1824:   ee 01 00 00 48 b9 40 01 00 00 00 00 00 00 0f 84
0x000001eed71c1834:   0a 00 00 00 48 b9 50 01 00 00 00 00 00 00 4c 8b
0x000001eed71c1844:   2c 0f 4d 8d 6d 01 4c 89 2c 0f 0f 84 8f 00 00 00
0x000001eed71c1854:   48 bf f8 47 7d 80 00 00 00 00 48 b9 38 ea 84 ee
0x000001eed71c1864:   ee 01 00 00 48 83 81 60 01 00 00 01 48 83 fb 00
0x000001eed71c1874:   0f 84 21 00 00 00 49 be 00 10 00 00 01 00 00 00
0x000001eed71c1884:   44 8b 6b 08 49 c1 e5 03 4d 3b 75 30 0f 85 05 00
0x000001eed71c1894:   00 00 e9 05 00 00 00 48 33 ff eb 0a 48 bf 01 00
0x000001eed71c18a4:   00 00 00 00 00 00 83 ff 00 48 bf 38 ea 84 ee ee
0x000001eed71c18b4:   01 00 00 48 b9 a8 01 00 00 00 00 00 00 0f 84 0a
0x000001eed71c18c4:   00 00 00 48 b9 98 01 00 00 00 00 00 00 4c 8b 2c
0x000001eed71c18d4:   0f 4d 8d 6d 01 4c 89 2c 0f 0f 84 2e 33 00 00 48
0x000001eed71c18e4:   83 fb 00 75 16 48 b9 f8 89 11 f5 ee 01 00 00 80
0x000001eed71c18f4:   89 91 02 00 00 01 e9 de 00 00 00 49 bd d8 3c 23
0x000001eed71c1904:   00 01 00 00 00 8b 4b 08 48 c1 e1 03 4c 3b 69 20
0x000001eed71c1914:   0f 84 1c 00 00 00 49 3b cd 0f 84 13 00 00 00 51
0x000001eed71c1924:   41 55 e8 d5 5d 90 fe 59 59 83 f9 00 0f 84 8b 00
0x000001eed71c1934:   00 00 48 b9 f8 89 11 f5 ee 01 00 00 44 8b 6b 08
0x000001eed71c1944:   49 c1 e5 03 4c 3b a9 a8 02 00 00 75 0d 48 83 81
0x000001eed71c1954:   b0 02 00 00 01 e9 7f 00 00 00 4c 3b a9 b8 02 00
0x000001eed71c1964:   00 75 0d 48 83 81 c0 02 00 00 01 e9 69 00 00 00
0x000001eed71c1974:   48 81 b9 a8 02 00 00 00 00 00 00 75 17 4c 89 a9 


Stack slot to memory mapping:
stack at sp + 0 slots: 0x000000008897d440 is pointing into object: [I 
{0x000000008897ccb8} - klass: {type array int}
 - length: 12134
stack at sp + 1 slots: 0x00007ffbdb98d820 jvm.dll
stack at sp + 2 slots: 0x000001eef8290040 is pointing into metadata
stack at sp + 3 slots: 0x000001eed5acadfe is at code_begin+254 in 
[CodeBlob (0x000001eed5acac90)]
Framesize: 148
Runtime Stub (0x000001eed5acac90): counter_overflow Runtime1 stub
stack at sp + 4 slots: 0x0000000000000001 is an unknown value
stack at sp + 5 slots: 0x0000002efd7fadc0 is pointing into the stack for thread: 0x000001eef0b05000
stack at sp + 6 slots: 0x0000002efd7fadc0 is pointing into the stack for thread: 0x000001eef0b05000
stack at sp + 7 slots: {method} {0x000001eef15d76f0} 'add' '(J)V' in 'com/google/common/cache/LongAdder'



---------------  P R O C E S S  ---------------

Threads class SMR info:
_java_thread_list=0x000001eef0cc2fc0, length=89, elements={
0x000001eed1e9c000, 0x000001eeec24e000, 0x000001eeec250000, 0x000001eeec268800,
0x000001eeec269800, 0x000001eeec26b800, 0x000001eeec270800, 0x000001eeec271800,
0x000001eeec273800, 0x000001eeecd2e800, 0x000001eef02ee000, 0x000001eef02ef000,
0x000001eef02e9800, 0x000001eef02eb800, 0x000001eef02ec800, 0x000001eef02f0000,
0x000001eef02ed800, 0x000001eef02ea000, 0x000001eef02eb000, 0x000001eeef4a7800,
0x000001eeef4a9800, 0x000001eeef4a5800, 0x000001eeef4aa000, 0x000001eeef4a7000,
0x000001eeef4a4800, 0x000001eeef4ab000, 0x000001eeef4ac000, 0x000001eeef4a8800,
0x000001eeef4a6000, 0x000001eeef4b1800, 0x000001eeef4b2800, 0x000001eeef4ac800,
0x000001eeef4b0800, 0x000001eeef4ad800, 0x000001eeef4ae800, 0x000001eeef1bf000,
0x000001eeef1bd800, 0x000001eeef1c0000, 0x000001eeef1c0800, 0x000001eeef1c1800,
0x000001eeef1bb800, 0x000001eeef1be000, 0x000001eeef1c2800, 0x000001eeef1bc800,
0x000001eeef1c4000, 0x000001eeef1c3000, 0x000001eeef1c9000, 0x000001eeef1c4800,
0x000001eeef1c9800, 0x000001eeef1c5800, 0x000001eeef1c6800, 0x000001eeef1ca800,
0x000001eeef1c8000, 0x000001eeef1c7000, 0x000001eef0b05000, 0x000001eef0b09800,
0x000001eef0b0a800, 0x000001eef0b09000, 0x000001eef0b0b800, 0x000001eef0b06800,
0x000001eef0b07000, 0x000001eef0b05800, 0x000001eef0b0c000, 0x000001eef0b08000,
0x000001eef0b0d000, 0x000001eef0b10000, 0x000001eef0b12000, 0x000001eef0b12800,
0x000001eef0b13800, 0x000001eef0b0d800, 0x000001eef0b0e800, 0x000001eef0b11000,
0x000001eef0b0f800, 0x000001eef20d7000, 0x000001eef20d2800, 0x000001eef20d9000,
0x000001eef20d3000, 0x000001eef20d5800, 0x000001eef20d9800, 0x000001eef20d8000,
0x000001eef20d4000, 0x000001eef20dd000, 0x000001eef20dd800, 0x000001eeede45000,
0x000001eef20de800, 0x000001eef20da800, 0x000001eef20db800, 0x000001eef20dc000,
0x000001eef20df800
}

Java Threads: ( => current thread )
  0x000001eed1e9c000 JavaThread "main" [_thread_blocked, id=11872, stack(0x0000002ef9600000,0x0000002ef9700000)]
  0x000001eeec24e000 JavaThread "Reference Handler" daemon [_thread_blocked, id=10920, stack(0x0000002ef9d00000,0x0000002ef9e00000)]
  0x000001eeec250000 JavaThread "Finalizer" daemon [_thread_blocked, id=6804, stack(0x0000002ef9e00000,0x0000002ef9f00000)]
  0x000001eeec268800 JavaThread "Signal Dispatcher" daemon [_thread_blocked, id=13804, stack(0x0000002ef9f00000,0x0000002efa000000)]
  0x000001eeec269800 JavaThread "Attach Listener" daemon [_thread_blocked, id=11788, stack(0x0000002efa000000,0x0000002efa100000)]
  0x000001eeec26b800 JavaThread "Service Thread" daemon [_thread_blocked, id=3136, stack(0x0000002efa100000,0x0000002efa200000)]
  0x000001eeec270800 JavaThread "C2 CompilerThread0" daemon [_thread_blocked, id=10104, stack(0x0000002efa200000,0x0000002efa300000)]
  0x000001eeec271800 JavaThread "C1 CompilerThread0" daemon [_thread_blocked, id=14100, stack(0x0000002efa300000,0x0000002efa400000)]
  0x000001eeec273800 JavaThread "Sweeper thread" daemon [_thread_blocked, id=7008, stack(0x0000002efa400000,0x0000002efa500000)]
  0x000001eeecd2e800 JavaThread "Common-Cleaner" daemon [_thread_blocked, id=8988, stack(0x0000002efa500000,0x0000002efa600000)]
  0x000001eef02ee000 JavaThread "Daemon health stats" [_thread_blocked, id=4740, stack(0x0000002efaa00000,0x0000002efab00000)]
  0x000001eef02ef000 JavaThread "Incoming local TCP Connector on port 58892" [_thread_in_native, id=10032, stack(0x0000002efa900000,0x0000002efaa00000)]
  0x000001eef02e9800 JavaThread "Daemon periodic checks" [_thread_blocked, id=14084, stack(0x0000002efab00000,0x0000002efac00000)]
  0x000001eef02eb800 JavaThread "Daemon" [_thread_blocked, id=8088, stack(0x0000002efac00000,0x0000002efad00000)]
  0x000001eef02ec800 JavaThread "Handler for socket connection from /127.0.0.1:58892 to /127.0.0.1:58893" [_thread_in_native, id=2508, stack(0x0000002efad00000,0x0000002efae00000)]
  0x000001eef02f0000 JavaThread "Cancel handler" [_thread_blocked, id=10228, stack(0x0000002efae00000,0x0000002efaf00000)]
  0x000001eef02ed800 JavaThread "Daemon worker" [_thread_blocked, id=11068, stack(0x0000002efaf00000,0x0000002efb000000)]
  0x000001eef02ea000 JavaThread "Asynchronous log dispatcher for DefaultDaemonConnection: socket connection from /127.0.0.1:58892 to /127.0.0.1:58893" [_thread_blocked, id=13500, stack(0x0000002efb000000,0x0000002efb100000)]
  0x000001eef02eb000 JavaThread "Stdin handler" [_thread_blocked, id=8512, stack(0x0000002efb100000,0x0000002efb200000)]
  0x000001eeef4a7800 JavaThread "Daemon client event forwarder" [_thread_blocked, id=15216, stack(0x0000002efb200000,0x0000002efb300000)]
  0x000001eeef4a9800 JavaThread "Cache worker for journal cache (C:\Users\Dell\.gradle\caches\journal-1)" [_thread_blocked, id=14784, stack(0x0000002efb400000,0x0000002efb500000)]
  0x000001eeef4a5800 JavaThread "File lock request listener" [_thread_in_native, id=10232, stack(0x0000002efb500000,0x0000002efb600000)]
  0x000001eeef4aa000 JavaThread "Cache worker for file hash cache (C:\Users\Dell\.gradle\caches\7.2\fileHashes)" [_thread_blocked, id=14656, stack(0x0000002efb600000,0x0000002efb700000)]
  0x000001eeef4a7000 JavaThread "Cache worker for file hash cache (F:\SumagoInfoTech\JavixSupportApp\LatestJavix\.gradle\7.2\fileHashes)" [_thread_blocked, id=1372, stack(0x0000002efb800000,0x0000002efb900000)]
  0x000001eeef4a4800 JavaThread "File watcher server" daemon [_thread_in_native, id=15116, stack(0x0000002efb900000,0x0000002efba00000)]
  0x000001eeef4ab000 JavaThread "File watcher consumer" daemon [_thread_blocked, id=9032, stack(0x0000002efba00000,0x0000002efbb00000)]
  0x000001eeef4ac000 JavaThread "Cache worker for checksums cache (F:\SumagoInfoTech\JavixSupportApp\LatestJavix\.gradle\checksums)" [_thread_blocked, id=3152, stack(0x0000002efbb00000,0x0000002efbc00000)]
  0x000001eeef4a8800 JavaThread "Cache worker for cache directory md-supplier (C:\Users\Dell\.gradle\caches\7.2\md-supplier)" [_thread_blocked, id=4120, stack(0x0000002efbc00000,0x0000002efbd00000)]
  0x000001eeef4a6000 JavaThread "Cache worker for cache directory md-rule (C:\Users\Dell\.gradle\caches\7.2\md-rule)" [_thread_blocked, id=7064, stack(0x0000002efbd00000,0x0000002efbe00000)]
  0x000001eeef4b1800 JavaThread "Cache worker for execution history cache (C:\Users\Dell\.gradle\caches\7.2\executionHistory)" [_thread_blocked, id=10536, stack(0x0000002efbe00000,0x0000002efbf00000)]
  0x000001eeef4b2800 JavaThread "jar transforms" [_thread_blocked, id=5240, stack(0x0000002efbf00000,0x0000002efc000000)]
  0x000001eeef4ac800 JavaThread "Cache worker for file content cache (C:\Users\Dell\.gradle\caches\7.2\fileContent)" [_thread_blocked, id=13708, stack(0x0000002efc000000,0x0000002efc100000)]
  0x000001eeef4b0800 JavaThread "jar transforms Thread 2" [_thread_blocked, id=3636, stack(0x0000002efc100000,0x0000002efc200000)]
  0x000001eeef4ad800 JavaThread "Cache worker for dependencies-accessors (F:\SumagoInfoTech\JavixSupportApp\LatestJavix\.gradle\7.2\dependencies-accessors)" [_thread_blocked, id=15124, stack(0x0000002efc200000,0x0000002efc300000)]
  0x000001eeef4ae800 JavaThread "jar transforms Thread 3" [_thread_blocked, id=4880, stack(0x0000002efc300000,0x0000002efc400000)]
  0x000001eeef1bf000 JavaThread "Cache worker for Build Output Cleanup Cache (F:\SumagoInfoTech\JavixSupportApp\LatestJavix\.gradle\buildOutputCleanup)" [_thread_blocked, id=2980, stack(0x0000002efc400000,0x0000002efc500000)]
  0x000001eeef1bd800 JavaThread "Unconstrained build operations" [_thread_blocked, id=11988, stack(0x0000002efc500000,0x0000002efc600000)]
  0x000001eeef1c0000 JavaThread "Unconstrained build operations Thread 2" [_thread_blocked, id=14300, stack(0x0000002efc600000,0x0000002efc700000)]
  0x000001eeef1c0800 JavaThread "Unconstrained build operations Thread 3" [_thread_blocked, id=7540, stack(0x0000002efc700000,0x0000002efc800000)]
  0x000001eeef1c1800 JavaThread "Unconstrained build operations Thread 4" [_thread_blocked, id=15332, stack(0x0000002efc800000,0x0000002efc900000)]
  0x000001eeef1bb800 JavaThread "Unconstrained build operations Thread 5" [_thread_blocked, id=872, stack(0x0000002efc900000,0x0000002efca00000)]
  0x000001eeef1be000 JavaThread "Unconstrained build operations Thread 6" [_thread_blocked, id=8452, stack(0x0000002efca00000,0x0000002efcb00000)]
  0x000001eeef1c2800 JavaThread "Unconstrained build operations Thread 7" [_thread_blocked, id=5360, stack(0x0000002efcb00000,0x0000002efcc00000)]
  0x000001eeef1bc800 JavaThread "Unconstrained build operations Thread 8" [_thread_blocked, id=15004, stack(0x0000002efcc00000,0x0000002efcd00000)]
  0x000001eeef1c4000 JavaThread "Unconstrained build operations Thread 9" [_thread_blocked, id=14644, stack(0x0000002efcd00000,0x0000002efce00000)]
  0x000001eeef1c3000 JavaThread "Unconstrained build operations Thread 10" [_thread_blocked, id=13168, stack(0x0000002efce00000,0x0000002efcf00000)]
  0x000001eeef1c9000 JavaThread "Unconstrained build operations Thread 11" [_thread_blocked, id=212, stack(0x0000002efcf00000,0x0000002efd000000)]
  0x000001eeef1c4800 JavaThread "Unconstrained build operations Thread 12" [_thread_blocked, id=13988, stack(0x0000002efd000000,0x0000002efd100000)]
  0x000001eeef1c9800 JavaThread "Unconstrained build operations Thread 13" [_thread_blocked, id=8100, stack(0x0000002efd100000,0x0000002efd200000)]
  0x000001eeef1c5800 JavaThread "Unconstrained build operations Thread 14" [_thread_blocked, id=7680, stack(0x0000002efd200000,0x0000002efd300000)]
  0x000001eeef1c6800 JavaThread "Unconstrained build operations Thread 15" [_thread_blocked, id=8564, stack(0x0000002efd300000,0x0000002efd400000)]
  0x000001eeef1ca800 JavaThread "Unconstrained build operations Thread 16" [_thread_blocked, id=6564, stack(0x0000002efd400000,0x0000002efd500000)]
  0x000001eeef1c8000 JavaThread "Unconstrained build operations Thread 17" [_thread_blocked, id=7668, stack(0x0000002efd500000,0x0000002efd600000)]
  0x000001eeef1c7000 JavaThread "Unconstrained build operations Thread 18" [_thread_blocked, id=13040, stack(0x0000002efd600000,0x0000002efd700000)]
=>0x000001eef0b05000 JavaThread "Unconstrained build operations Thread 19" [_thread_in_Java, id=14216, stack(0x0000002efd700000,0x0000002efd800000)]
  0x000001eef0b09800 JavaThread "Unconstrained build operations Thread 20" [_thread_blocked, id=5292, stack(0x0000002efd800000,0x0000002efd900000)]
  0x000001eef0b0a800 JavaThread "Unconstrained build operations Thread 21" [_thread_blocked, id=9332, stack(0x0000002efd900000,0x0000002efda00000)]
  0x000001eef0b09000 JavaThread "Unconstrained build operations Thread 22" [_thread_blocked, id=3796, stack(0x0000002efda00000,0x0000002efdb00000)]
  0x000001eef0b0b800 JavaThread "Unconstrained build operations Thread 23" [_thread_blocked, id=7628, stack(0x0000002efdb00000,0x0000002efdc00000)]
  0x000001eef0b06800 JavaThread "Unconstrained build operations Thread 24" [_thread_blocked, id=12000, stack(0x0000002efdc00000,0x0000002efdd00000)]
  0x000001eef0b07000 JavaThread "Unconstrained build operations Thread 25" [_thread_blocked, id=2612, stack(0x0000002efdd00000,0x0000002efde00000)]
  0x000001eef0b05800 JavaThread "Unconstrained build operations Thread 26" [_thread_blocked, id=536, stack(0x0000002efde00000,0x0000002efdf00000)]
  0x000001eef0b0c000 JavaThread "Unconstrained build operations Thread 27" [_thread_blocked, id=8356, stack(0x0000002efdf00000,0x0000002efe000000)]
  0x000001eef0b08000 JavaThread "Unconstrained build operations Thread 28" [_thread_blocked, id=14352, stack(0x0000002efe000000,0x0000002efe100000)]
  0x000001eef0b0d000 JavaThread "Unconstrained build operations Thread 29" [_thread_blocked, id=12700, stack(0x0000002efe100000,0x0000002efe200000)]
  0x000001eef0b10000 JavaThread "Unconstrained build operations Thread 30" [_thread_blocked, id=5464, stack(0x0000002efe200000,0x0000002efe300000)]
  0x000001eef0b12000 JavaThread "Unconstrained build operations Thread 31" [_thread_blocked, id=4548, stack(0x0000002efe300000,0x0000002efe400000)]
  0x000001eef0b12800 JavaThread "Unconstrained build operations Thread 32" [_thread_blocked, id=13648, stack(0x0000002efe400000,0x0000002efe500000)]
  0x000001eef0b13800 JavaThread "Unconstrained build operations Thread 33" [_thread_blocked, id=6944, stack(0x0000002efe500000,0x0000002efe600000)]
  0x000001eef0b0d800 JavaThread "Unconstrained build operations Thread 34" [_thread_blocked, id=10836, stack(0x0000002efe600000,0x0000002efe700000)]
  0x000001eef0b0e800 JavaThread "Unconstrained build operations Thread 35" [_thread_blocked, id=7272, stack(0x0000002efe700000,0x0000002efe800000)]
  0x000001eef0b11000 JavaThread "Unconstrained build operations Thread 36" [_thread_blocked, id=6020, stack(0x0000002efe800000,0x0000002efe900000)]
  0x000001eef0b0f800 JavaThread "Unconstrained build operations Thread 37" [_thread_blocked, id=10480, stack(0x0000002efe900000,0x0000002efea00000)]
  0x000001eef20d7000 JavaThread "Unconstrained build operations Thread 38" [_thread_blocked, id=14816, stack(0x0000002efea00000,0x0000002efeb00000)]
  0x000001eef20d2800 JavaThread "Unconstrained build operations Thread 39" [_thread_blocked, id=9188, stack(0x0000002efeb00000,0x0000002efec00000)]
  0x000001eef20d9000 JavaThread "Unconstrained build operations Thread 40" [_thread_blocked, id=9744, stack(0x0000002efec00000,0x0000002efed00000)]
  0x000001eef20d3000 JavaThread "jar transforms Thread 4" [_thread_blocked, id=2064, stack(0x0000002efed00000,0x0000002efee00000)]
  0x000001eef20d5800 JavaThread "Memory manager" [_thread_blocked, id=8792, stack(0x0000002efee00000,0x0000002efef00000)]
  0x000001eef20d9800 JavaThread "build event listener" [_thread_blocked, id=680, stack(0x0000002efef00000,0x0000002eff000000)]
  0x000001eef20d8000 JavaThread "Execution worker for ':'" [_thread_blocked, id=14400, stack(0x0000002eff000000,0x0000002eff100000)]
  0x000001eef20d4000 JavaThread "Execution worker for ':' Thread 2" [_thread_blocked, id=5940, stack(0x0000002eff100000,0x0000002eff200000)]
  0x000001eef20dd000 JavaThread "Execution worker for ':' Thread 3" [_thread_blocked, id=10040, stack(0x0000002eff200000,0x0000002eff300000)]
  0x000001eef20dd800 JavaThread "Cache worker for execution history cache (F:\SumagoInfoTech\JavixSupportApp\LatestJavix\.gradle\7.2\executionHistory)" [_thread_blocked, id=10192, stack(0x0000002eff300000,0x0000002eff400000)]
  0x000001eeede45000 JavaThread "C2 CompilerThread1" daemon [_thread_blocked, id=14864, stack(0x0000002ef9300000,0x0000002ef9400000)]
  0x000001eef20de800 JavaThread "WorkerExecutor Queue" [_thread_blocked, id=9808, stack(0x0000002efb700000,0x0000002efb800000)]
  0x000001eef20da800 JavaThread "WorkerExecutor Queue Thread 2" [_thread_blocked, id=6752, stack(0x0000002eff700000,0x0000002eff800000)]
  0x000001eef20db800 JavaThread "WorkerExecutor Queue Thread 3" [_thread_blocked, id=11156, stack(0x0000002eff800000,0x0000002eff900000)]
  0x000001eef20dc000 JavaThread "WorkerExecutor Queue Thread 4" [_thread_blocked, id=14252, stack(0x0000002eff900000,0x0000002effa00000)]
  0x000001eef20df800 JavaThread "WorkerExecutor Queue Thread 5" [_thread_blocked, id=7124, stack(0x0000002effa00000,0x0000002effb00000)]

Other Threads:
  0x000001eeec246000 VMThread "VM Thread" [stack: 0x0000002ef9c00000,0x0000002ef9d00000] [id=9172] _threads_hazard_ptr=0x000001eef0cc2fc0
  0x000001eeecd6c000 WatcherThread [stack: 0x0000002efa600000,0x0000002efa700000] [id=5036]
  0x000001eed1eb6000 GCTaskThread "GC Thread#0" [stack: 0x0000002ef9700000,0x0000002ef9800000] [id=13548]
  0x000001eeece16800 GCTaskThread "GC Thread#1" [stack: 0x0000002efa700000,0x0000002efa800000] [id=13360]
  0x000001eeed4cd000 GCTaskThread "GC Thread#2" [stack: 0x0000002efa800000,0x0000002efa900000] [id=7544]
  0x000001eeee05a800 GCTaskThread "GC Thread#3" [stack: 0x0000002efb300000,0x0000002efb400000] [id=11024]
  0x000001eed1ee5000 ConcurrentGCThread "G1 Main Marker" [stack: 0x0000002ef9800000,0x0000002ef9900000] [id=14464]
  0x000001eed1ee6800 ConcurrentGCThread "G1 Conc#0" [stack: 0x0000002ef9900000,0x0000002ef9a00000] [id=2224]
  0x000001eed1f74000 ConcurrentGCThread "G1 Refine#0" [stack: 0x0000002ef9a00000,0x0000002ef9b00000] [id=8776]
  0x000001eed1f75000 ConcurrentGCThread "G1 Young RemSet Sampling" [stack: 0x0000002ef9b00000,0x0000002ef9c00000] [id=13544]

Threads with active compile tasks:
C2 CompilerThread0  36549 11594       4       org.gradle.internal.service.DefaultServiceRegistry$SingletonService::get (5 bytes)
C2 CompilerThread1  36549 11587       4       org.gradle.internal.snapshot.impl.DefaultValueSnapshotter::processValue (675 bytes)

VM state:synchronizing (normal execution)

VM Mutex/Monitor currently owned by a thread:  ([mutex/lock_event])
[0x000001eed1e99240] Safepoint_lock - owner thread: 0x000001eeec246000
[0x000001eed1e99b40] Threads_lock - owner thread: 0x000001eeec246000
[0x000001eed1e99120] Compile_lock - owner thread: 0x000001eeef4ab000

Heap address: 0x0000000080000000, size: 2048 MB, Compressed Oops mode: 32-bit
Narrow klass base: 0x0000000000000000, Narrow klass shift: 3
Compressed class space size: 1073741824 Address: 0x0000000100000000

Heap:
 garbage-first heap   total 225280K, used 185073K [0x0000000080000000, 0x0000000100000000)
  region size 1024K, 94 young (96256K), 11 survivors (11264K)
 Metaspace       used 93823K, capacity 96132K, committed 96296K, reserved 1132544K
  class space    used 12134K, capacity 12958K, committed 13004K, reserved 1048576K
Heap Regions: E=young(eden), S=young(survivor), O=old, HS=humongous(starts), HC=humongous(continues), CS=collection set, F=free, A=archive, TAMS=top-at-mark-start (previous, next)
|   0|0x0000000080000000, 0x0000000080100000, 0x0000000080100000|100%| O|  |TAMS 0x0000000080100000, 0x0000000080000000| Untracked 
|   1|0x0000000080100000, 0x0000000080200000, 0x0000000080200000|100%| O|  |TAMS 0x0000000080200000, 0x0000000080100000| Untracked 
|   2|0x0000000080200000, 0x0000000080300000, 0x0000000080300000|100%| O|  |TAMS 0x0000000080300000, 0x0000000080200000| Untracked 
|   3|0x0000000080300000, 0x0000000080400000, 0x0000000080400000|100%|HS|  |TAMS 0x0000000080400000, 0x0000000080300000| Complete 
|   4|0x0000000080400000, 0x0000000080500000, 0x0000000080500000|100%|HC|  |TAMS 0x0000000080500000, 0x0000000080400000| Complete 
|   5|0x0000000080500000, 0x0000000080600000, 0x0000000080600000|100%|HC|  |TAMS 0x0000000080600000, 0x0000000080500000| Complete 
|   6|0x0000000080600000, 0x0000000080700000, 0x0000000080700000|100%| O|  |TAMS 0x0000000080700000, 0x0000000080600000| Untracked 
|   7|0x0000000080700000, 0x0000000080800000, 0x0000000080800000|100%| O|  |TAMS 0x0000000080800000, 0x0000000080700000| Untracked 
|   8|0x0000000080800000, 0x0000000080900000, 0x0000000080900000|100%| O|  |TAMS 0x0000000080900000, 0x0000000080800000| Untracked 
|   9|0x0000000080900000, 0x0000000080a00000, 0x0000000080a00000|100%| O|  |TAMS 0x0000000080a00000, 0x0000000080900000| Untracked 
|  10|0x0000000080a00000, 0x0000000080b00000, 0x0000000080b00000|100%| O|  |TAMS 0x0000000080b00000, 0x0000000080a00000| Untracked 
|  11|0x0000000080b00000, 0x0000000080c00000, 0x0000000080c00000|100%| O|  |TAMS 0x0000000080c00000, 0x0000000080b00000| Untracked 
|  12|0x0000000080c00000, 0x0000000080d00000, 0x0000000080d00000|100%| O|  |TAMS 0x0000000080d00000, 0x0000000080c00000| Untracked 
|  13|0x0000000080d00000, 0x0000000080e00000, 0x0000000080e00000|100%| O|  |TAMS 0x0000000080e00000, 0x0000000080d00000| Untracked 
|  14|0x0000000080e00000, 0x0000000080f00000, 0x0000000080f00000|100%| O|  |TAMS 0x0000000080f00000, 0x0000000080e00000| Untracked 
|  15|0x0000000080f00000, 0x0000000081000000, 0x0000000081000000|100%| O|  |TAMS 0x0000000081000000, 0x0000000080f00000| Untracked 
|  16|0x0000000081000000, 0x0000000081100000, 0x0000000081100000|100%| O|  |TAMS 0x0000000081100000, 0x0000000081000000| Untracked 
|  17|0x0000000081100000, 0x0000000081200000, 0x0000000081200000|100%| O|  |TAMS 0x0000000081200000, 0x0000000081100000| Untracked 
|  18|0x0000000081200000, 0x0000000081300000, 0x0000000081300000|100%| O|  |TAMS 0x0000000081300000, 0x0000000081200000| Untracked 
|  19|0x0000000081300000, 0x0000000081400000, 0x0000000081400000|100%|HS|  |TAMS 0x0000000081400000, 0x0000000081300000| Complete 
|  20|0x0000000081400000, 0x0000000081500000, 0x0000000081500000|100%| O|  |TAMS 0x0000000081500000, 0x0000000081400000| Untracked 
|  21|0x0000000081500000, 0x0000000081600000, 0x0000000081600000|100%| O|  |TAMS 0x0000000081600000, 0x0000000081500000| Untracked 
|  22|0x0000000081600000, 0x0000000081700000, 0x0000000081700000|100%| O|  |TAMS 0x0000000081700000, 0x0000000081600000| Untracked 
|  23|0x0000000081700000, 0x0000000081800000, 0x0000000081800000|100%| O|  |TAMS 0x0000000081800000, 0x0000000081700000| Untracked 
|  24|0x0000000081800000, 0x0000000081900000, 0x0000000081900000|100%|HS|  |TAMS 0x0000000081900000, 0x0000000081800000| Complete 
|  25|0x0000000081900000, 0x0000000081a00000, 0x0000000081a00000|100%|HS|  |TAMS 0x0000000081a00000, 0x0000000081900000| Complete 
|  26|0x0000000081a00000, 0x0000000081b00000, 0x0000000081b00000|100%|HS|  |TAMS 0x0000000081b00000, 0x0000000081a00000| Complete 
|  27|0x0000000081b00000, 0x0000000081c00000, 0x0000000081c00000|100%|HC|  |TAMS 0x0000000081c00000, 0x0000000081b00000| Complete 
|  28|0x0000000081c00000, 0x0000000081d00000, 0x0000000081d00000|100%| O|  |TAMS 0x0000000081d00000, 0x0000000081c00000| Untracked 
|  29|0x0000000081d00000, 0x0000000081e00000, 0x0000000081e00000|100%| O|  |TAMS 0x0000000081e00000, 0x0000000081d00000| Untracked 
|  30|0x0000000081e00000, 0x0000000081f00000, 0x0000000081f00000|100%| O|  |TAMS 0x0000000081f00000, 0x0000000081e00000| Untracked 
|  31|0x0000000081f00000, 0x0000000082000000, 0x0000000082000000|100%| O|  |TAMS 0x0000000082000000, 0x0000000081f00000| Untracked 
|  32|0x0000000082000000, 0x0000000082100000, 0x0000000082100000|100%| O|  |TAMS 0x0000000082100000, 0x0000000082000000| Untracked 
|  33|0x0000000082100000, 0x0000000082200000, 0x0000000082200000|100%| O|  |TAMS 0x0000000082200000, 0x0000000082100000| Untracked 
|  34|0x0000000082200000, 0x0000000082300000, 0x0000000082300000|100%| O|  |TAMS 0x0000000082300000, 0x0000000082200000| Untracked 
|  35|0x0000000082300000, 0x0000000082400000, 0x0000000082400000|100%| O|  |TAMS 0x0000000082400000, 0x0000000082300000| Untracked 
|  36|0x0000000082400000, 0x0000000082500000, 0x0000000082500000|100%| O|  |TAMS 0x0000000082500000, 0x0000000082400000| Untracked 
|  37|0x0000000082500000, 0x0000000082600000, 0x0000000082600000|100%| O|  |TAMS 0x0000000082600000, 0x0000000082500000| Untracked 
|  38|0x0000000082600000, 0x0000000082700000, 0x0000000082700000|100%| O|  |TAMS 0x0000000082700000, 0x0000000082600000| Untracked 
|  39|0x0000000082700000, 0x0000000082800000, 0x0000000082800000|100%| O|  |TAMS 0x0000000082800000, 0x0000000082700000| Untracked 
|  40|0x0000000082800000, 0x0000000082900000, 0x0000000082900000|100%| O|  |TAMS 0x0000000082900000, 0x0000000082800000| Untracked 
|  41|0x0000000082900000, 0x0000000082a00000, 0x0000000082a00000|100%| O|  |TAMS 0x0000000082a00000, 0x0000000082900000| Untracked 
|  42|0x0000000082a00000, 0x0000000082b00000, 0x0000000082b00000|100%| O|  |TAMS 0x0000000082b00000, 0x0000000082a00000| Untracked 
|  43|0x0000000082b00000, 0x0000000082c00000, 0x0000000082c00000|100%| O|  |TAMS 0x0000000082b00000, 0x0000000082b00000| Untracked 
|  44|0x0000000082c00000, 0x0000000082d00000, 0x0000000082d00000|100%| O|  |TAMS 0x0000000082c00000, 0x0000000082c00000| Untracked 
|  45|0x0000000082d00000, 0x0000000082e00000, 0x0000000082e00000|100%| O|  |TAMS 0x0000000082d00000, 0x0000000082d00000| Untracked 
|  46|0x0000000082e00000, 0x0000000082f00000, 0x0000000082f00000|100%| O|  |TAMS 0x0000000082e00000, 0x0000000082e00000| Untracked 
|  47|0x0000000082f00000, 0x0000000083000000, 0x0000000083000000|100%| O|  |TAMS 0x0000000082f00000, 0x0000000082f00000| Untracked 
|  48|0x0000000083000000, 0x0000000083100000, 0x0000000083100000|100%| O|  |TAMS 0x0000000083000000, 0x0000000083000000| Untracked 
|  49|0x0000000083100000, 0x0000000083200000, 0x0000000083200000|100%| O|  |TAMS 0x0000000083100000, 0x0000000083100000| Untracked 
|  50|0x0000000083200000, 0x0000000083300000, 0x0000000083300000|100%| O|  |TAMS 0x0000000083200000, 0x0000000083200000| Untracked 
|  51|0x0000000083300000, 0x0000000083400000, 0x0000000083400000|100%| O|  |TAMS 0x0000000083300000, 0x0000000083300000| Untracked 
|  52|0x0000000083400000, 0x0000000083500000, 0x0000000083500000|100%| O|  |TAMS 0x0000000083400000, 0x0000000083400000| Untracked 
|  53|0x0000000083500000, 0x0000000083600000, 0x0000000083600000|100%| O|  |TAMS 0x0000000083500000, 0x0000000083500000| Untracked 
|  54|0x0000000083600000, 0x0000000083700000, 0x0000000083700000|100%| O|  |TAMS 0x0000000083600000, 0x0000000083600000| Untracked 
|  55|0x0000000083700000, 0x0000000083800000, 0x0000000083800000|100%| O|  |TAMS 0x0000000083700000, 0x0000000083700000| Untracked 
|  56|0x0000000083800000, 0x0000000083900000, 0x0000000083900000|100%| O|  |TAMS 0x0000000083800000, 0x0000000083800000| Untracked 
|  57|0x0000000083900000, 0x0000000083a00000, 0x0000000083a00000|100%| O|  |TAMS 0x0000000083900000, 0x0000000083900000| Untracked 
|  58|0x0000000083a00000, 0x0000000083b00000, 0x0000000083b00000|100%| O|  |TAMS 0x0000000083a00000, 0x0000000083a00000| Untracked 
|  59|0x0000000083b00000, 0x0000000083c00000, 0x0000000083c00000|100%| O|  |TAMS 0x0000000083b00000, 0x0000000083b00000| Untracked 
|  60|0x0000000083c00000, 0x0000000083d00000, 0x0000000083d00000|100%| O|  |TAMS 0x0000000083c00000, 0x0000000083c00000| Untracked 
|  61|0x0000000083d00000, 0x0000000083e00000, 0x0000000083e00000|100%| O|  |TAMS 0x0000000083d00000, 0x0000000083d00000| Untracked 
|  62|0x0000000083e00000, 0x0000000083f00000, 0x0000000083f00000|100%| O|  |TAMS 0x0000000083e00000, 0x0000000083e00000| Untracked 
|  63|0x0000000083f00000, 0x0000000084000000, 0x0000000084000000|100%| O|  |TAMS 0x0000000083f00000, 0x0000000083f00000| Untracked 
|  64|0x0000000084000000, 0x0000000084100000, 0x0000000084100000|100%| O|  |TAMS 0x0000000084000000, 0x0000000084000000| Untracked 
|  65|0x0000000084100000, 0x0000000084200000, 0x0000000084200000|100%| O|  |TAMS 0x0000000084100000, 0x0000000084100000| Untracked 
|  66|0x0000000084200000, 0x0000000084300000, 0x0000000084300000|100%| O|  |TAMS 0x0000000084200000, 0x0000000084200000| Untracked 
|  67|0x0000000084300000, 0x000000008433c400, 0x0000000084400000| 23%| O|  |TAMS 0x0000000084300000, 0x0000000084300000| Untracked 
|  68|0x0000000084400000, 0x0000000084500000, 0x0000000084500000|100%|HS|  |TAMS 0x0000000084400000, 0x0000000084400000| Complete 
|  69|0x0000000084500000, 0x0000000084600000, 0x0000000084600000|100%|HC|  |TAMS 0x0000000084500000, 0x0000000084500000| Complete 
|  70|0x0000000084600000, 0x0000000084700000, 0x0000000084700000|100%|HS|  |TAMS 0x0000000084600000, 0x0000000084600000| Complete 
|  71|0x0000000084700000, 0x0000000084800000, 0x0000000084800000|100%|HS|  |TAMS 0x0000000084700000, 0x0000000084700000| Complete 
|  72|0x0000000084800000, 0x0000000084900000, 0x0000000084900000|100%|HC|  |TAMS 0x0000000084800000, 0x0000000084800000| Complete 
|  73|0x0000000084900000, 0x0000000084a00000, 0x0000000084a00000|100%|HC|  |TAMS 0x0000000084900000, 0x0000000084900000| Complete 
|  74|0x0000000084a00000, 0x0000000084b00000, 0x0000000084b00000|100%|HC|  |TAMS 0x0000000084a00000, 0x0000000084a00000| Complete 
|  75|0x0000000084b00000, 0x0000000084c00000, 0x0000000084c00000|100%|HS|  |TAMS 0x0000000084b00000, 0x0000000084b00000| Complete 
|  76|0x0000000084c00000, 0x0000000084d00000, 0x0000000084d00000|100%|HS|  |TAMS 0x0000000084c00000, 0x0000000084c00000| Complete 
|  77|0x0000000084d00000, 0x0000000084e00000, 0x0000000084e00000|100%|HC|  |TAMS 0x0000000084d00000, 0x0000000084d00000| Complete 
|  78|0x0000000084e00000, 0x0000000084f00000, 0x0000000084f00000|100%|HC|  |TAMS 0x0000000084e00000, 0x0000000084e00000| Complete 
|  79|0x0000000084f00000, 0x0000000085000000, 0x0000000085000000|100%|HC|  |TAMS 0x0000000084f00000, 0x0000000084f00000| Complete 
|  80|0x0000000085000000, 0x0000000085100000, 0x0000000085100000|100%|HC|  |TAMS 0x0000000085000000, 0x0000000085000000| Complete 
|  81|0x0000000085100000, 0x0000000085200000, 0x0000000085200000|100%|HS|  |TAMS 0x0000000085100000, 0x0000000085100000| Complete 
|  82|0x0000000085200000, 0x0000000085300000, 0x0000000085300000|100%|HC|  |TAMS 0x0000000085200000, 0x0000000085200000| Complete 
|  83|0x0000000085300000, 0x0000000085400000, 0x0000000085400000|100%|HS|  |TAMS 0x0000000085300000, 0x0000000085300000| Complete 
|  84|0x0000000085400000, 0x0000000085500000, 0x0000000085500000|100%|HC|  |TAMS 0x0000000085400000, 0x0000000085400000| Complete 
|  85|0x0000000085500000, 0x0000000085600000, 0x0000000085600000|100%|HS|  |TAMS 0x0000000085500000, 0x0000000085500000| Complete 
|  86|0x0000000085600000, 0x0000000085700000, 0x0000000085700000|100%|HC|  |TAMS 0x0000000085600000, 0x0000000085600000| Complete 
|  87|0x0000000085700000, 0x0000000085800000, 0x0000000085800000|100%|HC|  |TAMS 0x0000000085700000, 0x0000000085700000| Complete 
|  88|0x0000000085800000, 0x0000000085900000, 0x0000000085900000|100%|HS|  |TAMS 0x0000000085800000, 0x0000000085800000| Complete 
|  89|0x0000000085900000, 0x0000000085a00000, 0x0000000085a00000|100%|HC|  |TAMS 0x0000000085900000, 0x0000000085900000| Complete 
|  90|0x0000000085a00000, 0x0000000085a00000, 0x0000000085b00000|  0%| F|  |TAMS 0x0000000085a00000, 0x0000000085a00000| Untracked 
|  91|0x0000000085b00000, 0x0000000085b00000, 0x0000000085c00000|  0%| F|  |TAMS 0x0000000085b00000, 0x0000000085b00000| Untracked 
|  92|0x0000000085c00000, 0x0000000085c00000, 0x0000000085d00000|  0%| F|  |TAMS 0x0000000085c00000, 0x0000000085c00000| Untracked 
|  93|0x0000000085d00000, 0x0000000085d00000, 0x0000000085e00000|  0%| F|  |TAMS 0x0000000085d00000, 0x0000000085d00000| Untracked 
|  94|0x0000000085e00000, 0x0000000085e00000, 0x0000000085f00000|  0%| F|  |TAMS 0x0000000085e00000, 0x0000000085e00000| Untracked 
|  95|0x0000000085f00000, 0x0000000085f00000, 0x0000000086000000|  0%| F|  |TAMS 0x0000000085f00000, 0x0000000085f00000| Untracked 
|  96|0x0000000086000000, 0x0000000086000000, 0x0000000086100000|  0%| F|  |TAMS 0x0000000086000000, 0x0000000086000000| Untracked 
|  97|0x0000000086100000, 0x0000000086100000, 0x0000000086200000|  0%| F|  |TAMS 0x0000000086100000, 0x0000000086100000| Untracked 
|  98|0x0000000086200000, 0x0000000086200000, 0x0000000086300000|  0%| F|  |TAMS 0x0000000086200000, 0x0000000086200000| Untracked 
|  99|0x0000000086300000, 0x0000000086300000, 0x0000000086400000|  0%| F|  |TAMS 0x0000000086300000, 0x0000000086300000| Untracked 
| 100|0x0000000086400000, 0x0000000086400000, 0x0000000086500000|  0%| F|  |TAMS 0x0000000086400000, 0x0000000086400000| Untracked 
| 101|0x0000000086500000, 0x0000000086500000, 0x0000000086600000|  0%| F|  |TAMS 0x0000000086500000, 0x0000000086500000| Untracked 
| 102|0x0000000086600000, 0x0000000086680000, 0x0000000086700000| 50%| S|CS|TAMS 0x0000000086600000, 0x0000000086600000| Complete 
| 103|0x0000000086700000, 0x0000000086800000, 0x0000000086800000|100%| S|CS|TAMS 0x0000000086700000, 0x0000000086700000| Complete 
| 104|0x0000000086800000, 0x0000000086900000, 0x0000000086900000|100%| S|CS|TAMS 0x0000000086800000, 0x0000000086800000| Complete 
| 105|0x0000000086900000, 0x0000000086a00000, 0x0000000086a00000|100%| S|CS|TAMS 0x0000000086900000, 0x0000000086900000| Complete 
| 106|0x0000000086a00000, 0x0000000086b00000, 0x0000000086b00000|100%| S|CS|TAMS 0x0000000086a00000, 0x0000000086a00000| Complete 
| 107|0x0000000086b00000, 0x0000000086c00000, 0x0000000086c00000|100%| S|CS|TAMS 0x0000000086b00000, 0x0000000086b00000| Complete 
| 108|0x0000000086c00000, 0x0000000086d00000, 0x0000000086d00000|100%| S|CS|TAMS 0x0000000086c00000, 0x0000000086c00000| Complete 
| 109|0x0000000086d00000, 0x0000000086e00000, 0x0000000086e00000|100%| S|CS|TAMS 0x0000000086d00000, 0x0000000086d00000| Complete 
| 110|0x0000000086e00000, 0x0000000086f00000, 0x0000000086f00000|100%| S|CS|TAMS 0x0000000086e00000, 0x0000000086e00000| Complete 
| 111|0x0000000086f00000, 0x0000000087000000, 0x0000000087000000|100%| S|CS|TAMS 0x0000000086f00000, 0x0000000086f00000| Complete 
| 112|0x0000000087000000, 0x0000000087100000, 0x0000000087100000|100%| S|CS|TAMS 0x0000000087000000, 0x0000000087000000| Complete 
| 113|0x0000000087100000, 0x0000000087100000, 0x0000000087200000|  0%| F|  |TAMS 0x0000000087100000, 0x0000000087100000| Untracked 
| 114|0x0000000087200000, 0x0000000087200000, 0x0000000087300000|  0%| F|  |TAMS 0x0000000087200000, 0x0000000087200000| Untracked 
| 115|0x0000000087300000, 0x0000000087300000, 0x0000000087400000|  0%| F|  |TAMS 0x0000000087300000, 0x0000000087300000| Untracked 
| 116|0x0000000087400000, 0x0000000087400000, 0x0000000087500000|  0%| F|  |TAMS 0x0000000087400000, 0x0000000087400000| Untracked 
| 117|0x0000000087500000, 0x0000000087500000, 0x0000000087600000|  0%| F|  |TAMS 0x0000000087500000, 0x0000000087500000| Untracked 
| 118|0x0000000087600000, 0x0000000087600000, 0x0000000087700000|  0%| F|  |TAMS 0x0000000087600000, 0x0000000087600000| Untracked 
| 119|0x0000000087700000, 0x0000000087700000, 0x0000000087800000|  0%| F|  |TAMS 0x0000000087700000, 0x0000000087700000| Untracked 
| 120|0x0000000087800000, 0x0000000087800000, 0x0000000087900000|  0%| F|  |TAMS 0x0000000087800000, 0x0000000087800000| Untracked 
| 121|0x0000000087900000, 0x0000000087900000, 0x0000000087a00000|  0%| F|  |TAMS 0x0000000087900000, 0x0000000087900000| Untracked 
| 122|0x0000000087a00000, 0x0000000087a00000, 0x0000000087b00000|  0%| F|  |TAMS 0x0000000087a00000, 0x0000000087a00000| Untracked 
| 123|0x0000000087b00000, 0x0000000087b00000, 0x0000000087c00000|  0%| F|  |TAMS 0x0000000087b00000, 0x0000000087b00000| Untracked 
| 124|0x0000000087c00000, 0x0000000087c00000, 0x0000000087d00000|  0%| F|  |TAMS 0x0000000087c00000, 0x0000000087c00000| Untracked 
| 125|0x0000000087d00000, 0x0000000087d00000, 0x0000000087e00000|  0%| F|  |TAMS 0x0000000087d00000, 0x0000000087d00000| Untracked 
| 126|0x0000000087e00000, 0x0000000087e00000, 0x0000000087f00000|  0%| F|  |TAMS 0x0000000087e00000, 0x0000000087e00000| Untracked 
| 127|0x0000000087f00000, 0x0000000087f00000, 0x0000000088000000|  0%| F|  |TAMS 0x0000000087f00000, 0x0000000087f00000| Untracked 
| 128|0x0000000088000000, 0x0000000088000000, 0x0000000088100000|  0%| F|  |TAMS 0x0000000088000000, 0x0000000088000000| Untracked 
| 129|0x0000000088100000, 0x0000000088100000, 0x0000000088200000|  0%| F|  |TAMS 0x0000000088100000, 0x0000000088100000| Untracked 
| 130|0x0000000088200000, 0x0000000088200000, 0x0000000088300000|  0%| F|  |TAMS 0x0000000088200000, 0x0000000088200000| Untracked 
| 131|0x0000000088300000, 0x0000000088300000, 0x0000000088400000|  0%| F|  |TAMS 0x0000000088300000, 0x0000000088300000| Untracked 
| 132|0x0000000088400000, 0x0000000088400000, 0x0000000088500000|  0%| F|  |TAMS 0x0000000088400000, 0x0000000088400000| Untracked 
| 133|0x0000000088500000, 0x0000000088500000, 0x0000000088600000|  0%| F|  |TAMS 0x0000000088500000, 0x0000000088500000| Untracked 
| 134|0x0000000088600000, 0x0000000088600000, 0x0000000088700000|  0%| F|  |TAMS 0x0000000088600000, 0x0000000088600000| Untracked 
| 135|0x0000000088700000, 0x0000000088700000, 0x0000000088800000|  0%| F|  |TAMS 0x0000000088700000, 0x0000000088700000| Untracked 
| 136|0x0000000088800000, 0x0000000088800000, 0x0000000088900000|  0%| F|  |TAMS 0x0000000088800000, 0x0000000088800000| Untracked 
| 137|0x0000000088900000, 0x0000000088996c50, 0x0000000088a00000| 58%| E|  |TAMS 0x0000000088900000, 0x0000000088900000| Complete 
| 138|0x0000000088a00000, 0x0000000088b00000, 0x0000000088b00000|100%| E|CS|TAMS 0x0000000088a00000, 0x0000000088a00000| Complete 
| 139|0x0000000088b00000, 0x0000000088c00000, 0x0000000088c00000|100%| E|CS|TAMS 0x0000000088b00000, 0x0000000088b00000| Complete 
| 140|0x0000000088c00000, 0x0000000088d00000, 0x0000000088d00000|100%| E|CS|TAMS 0x0000000088c00000, 0x0000000088c00000| Complete 
| 141|0x0000000088d00000, 0x0000000088e00000, 0x0000000088e00000|100%| E|CS|TAMS 0x0000000088d00000, 0x0000000088d00000| Complete 
| 142|0x0000000088e00000, 0x0000000088f00000, 0x0000000088f00000|100%| E|CS|TAMS 0x0000000088e00000, 0x0000000088e00000| Complete 
| 143|0x0000000088f00000, 0x0000000089000000, 0x0000000089000000|100%| E|CS|TAMS 0x0000000088f00000, 0x0000000088f00000| Complete 
| 144|0x0000000089000000, 0x0000000089100000, 0x0000000089100000|100%| E|CS|TAMS 0x0000000089000000, 0x0000000089000000| Complete 
| 145|0x0000000089100000, 0x0000000089200000, 0x0000000089200000|100%| E|CS|TAMS 0x0000000089100000, 0x0000000089100000| Complete 
| 146|0x0000000089200000, 0x0000000089300000, 0x0000000089300000|100%| E|CS|TAMS 0x0000000089200000, 0x0000000089200000| Complete 
| 147|0x0000000089300000, 0x0000000089400000, 0x0000000089400000|100%| E|  |TAMS 0x0000000089300000, 0x0000000089300000| Complete 
| 148|0x0000000089400000, 0x0000000089500000, 0x0000000089500000|100%| E|CS|TAMS 0x0000000089400000, 0x0000000089400000| Complete 
| 149|0x0000000089500000, 0x0000000089600000, 0x0000000089600000|100%| E|CS|TAMS 0x0000000089500000, 0x0000000089500000| Complete 
| 150|0x0000000089600000, 0x0000000089700000, 0x0000000089700000|100%| E|CS|TAMS 0x0000000089600000, 0x0000000089600000| Complete 
| 151|0x0000000089700000, 0x0000000089800000, 0x0000000089800000|100%| E|CS|TAMS 0x0000000089700000, 0x0000000089700000| Complete 
| 152|0x0000000089800000, 0x0000000089900000, 0x0000000089900000|100%| E|CS|TAMS 0x0000000089800000, 0x0000000089800000| Complete 
| 153|0x0000000089900000, 0x0000000089a00000, 0x0000000089a00000|100%| E|CS|TAMS 0x0000000089900000, 0x0000000089900000| Complete 
| 154|0x0000000089a00000, 0x0000000089b00000, 0x0000000089b00000|100%| E|CS|TAMS 0x0000000089a00000, 0x0000000089a00000| Complete 
| 155|0x0000000089b00000, 0x0000000089c00000, 0x0000000089c00000|100%| E|CS|TAMS 0x0000000089b00000, 0x0000000089b00000| Complete 
| 156|0x0000000089c00000, 0x0000000089d00000, 0x0000000089d00000|100%| E|CS|TAMS 0x0000000089c00000, 0x0000000089c00000| Complete 
| 157|0x0000000089d00000, 0x0000000089e00000, 0x0000000089e00000|100%| E|CS|TAMS 0x0000000089d00000, 0x0000000089d00000| Complete 
| 158|0x0000000089e00000, 0x0000000089f00000, 0x0000000089f00000|100%| E|CS|TAMS 0x0000000089e00000, 0x0000000089e00000| Complete 
| 159|0x0000000089f00000, 0x000000008a000000, 0x000000008a000000|100%| E|CS|TAMS 0x0000000089f00000, 0x0000000089f00000| Complete 
| 160|0x000000008a000000, 0x000000008a100000, 0x000000008a100000|100%| E|CS|TAMS 0x000000008a000000, 0x000000008a000000| Complete 
| 161|0x000000008a100000, 0x000000008a200000, 0x000000008a200000|100%| E|CS|TAMS 0x000000008a100000, 0x000000008a100000| Complete 
| 162|0x000000008a200000, 0x000000008a300000, 0x000000008a300000|100%| E|CS|TAMS 0x000000008a200000, 0x000000008a200000| Complete 
| 163|0x000000008a300000, 0x000000008a400000, 0x000000008a400000|100%| E|CS|TAMS 0x000000008a300000, 0x000000008a300000| Complete 
| 164|0x000000008a400000, 0x000000008a500000, 0x000000008a500000|100%| E|CS|TAMS 0x000000008a400000, 0x000000008a400000| Complete 
| 165|0x000000008a500000, 0x000000008a600000, 0x000000008a600000|100%| E|CS|TAMS 0x000000008a500000, 0x000000008a500000| Complete 
| 166|0x000000008a600000, 0x000000008a700000, 0x000000008a700000|100%| E|CS|TAMS 0x000000008a600000, 0x000000008a600000| Complete 
| 167|0x000000008a700000, 0x000000008a800000, 0x000000008a800000|100%| E|CS|TAMS 0x000000008a700000, 0x000000008a700000| Complete 
| 168|0x000000008a800000, 0x000000008a900000, 0x000000008a900000|100%| E|CS|TAMS 0x000000008a800000, 0x000000008a800000| Complete 
| 169|0x000000008a900000, 0x000000008aa00000, 0x000000008aa00000|100%| E|CS|TAMS 0x000000008a900000, 0x000000008a900000| Complete 
| 170|0x000000008aa00000, 0x000000008ab00000, 0x000000008ab00000|100%| E|CS|TAMS 0x000000008aa00000, 0x000000008aa00000| Complete 
| 171|0x000000008ab00000, 0x000000008ac00000, 0x000000008ac00000|100%| E|CS|TAMS 0x000000008ab00000, 0x000000008ab00000| Complete 
| 172|0x000000008ac00000, 0x000000008ad00000, 0x000000008ad00000|100%| E|CS|TAMS 0x000000008ac00000, 0x000000008ac00000| Complete 
| 173|0x000000008ad00000, 0x000000008ae00000, 0x000000008ae00000|100%| E|CS|TAMS 0x000000008ad00000, 0x000000008ad00000| Complete 
| 174|0x000000008ae00000, 0x000000008af00000, 0x000000008af00000|100%| E|CS|TAMS 0x000000008ae00000, 0x000000008ae00000| Complete 
| 175|0x000000008af00000, 0x000000008b000000, 0x000000008b000000|100%| E|CS|TAMS 0x000000008af00000, 0x000000008af00000| Complete 
| 176|0x000000008b000000, 0x000000008b100000, 0x000000008b100000|100%| E|CS|TAMS 0x000000008b000000, 0x000000008b000000| Complete 
| 177|0x000000008b100000, 0x000000008b200000, 0x000000008b200000|100%| E|CS|TAMS 0x000000008b100000, 0x000000008b100000| Complete 
| 178|0x000000008b200000, 0x000000008b300000, 0x000000008b300000|100%| E|CS|TAMS 0x000000008b200000, 0x000000008b200000| Complete 
| 179|0x000000008b300000, 0x000000008b400000, 0x000000008b400000|100%| E|CS|TAMS 0x000000008b300000, 0x000000008b300000| Complete 
| 180|0x000000008b400000, 0x000000008b500000, 0x000000008b500000|100%| E|CS|TAMS 0x000000008b400000, 0x000000008b400000| Complete 
| 181|0x000000008b500000, 0x000000008b600000, 0x000000008b600000|100%| E|CS|TAMS 0x000000008b500000, 0x000000008b500000| Complete 
| 182|0x000000008b600000, 0x000000008b700000, 0x000000008b700000|100%| E|CS|TAMS 0x000000008b600000, 0x000000008b600000| Complete 
| 183|0x000000008b700000, 0x000000008b800000, 0x000000008b800000|100%| E|CS|TAMS 0x000000008b700000, 0x000000008b700000| Complete 
| 184|0x000000008b800000, 0x000000008b900000, 0x000000008b900000|100%| E|CS|TAMS 0x000000008b800000, 0x000000008b800000| Complete 
| 185|0x000000008b900000, 0x000000008ba00000, 0x000000008ba00000|100%| E|CS|TAMS 0x000000008b900000, 0x000000008b900000| Complete 
| 186|0x000000008ba00000, 0x000000008bb00000, 0x000000008bb00000|100%| E|CS|TAMS 0x000000008ba00000, 0x000000008ba00000| Complete 
| 187|0x000000008bb00000, 0x000000008bc00000, 0x000000008bc00000|100%| E|CS|TAMS 0x000000008bb00000, 0x000000008bb00000| Complete 
| 188|0x000000008bc00000, 0x000000008bd00000, 0x000000008bd00000|100%| E|CS|TAMS 0x000000008bc00000, 0x000000008bc00000| Complete 
| 189|0x000000008bd00000, 0x000000008be00000, 0x000000008be00000|100%| E|CS|TAMS 0x000000008bd00000, 0x000000008bd00000| Complete 
| 190|0x000000008be00000, 0x000000008bf00000, 0x000000008bf00000|100%| E|CS|TAMS 0x000000008be00000, 0x000000008be00000| Complete 
| 191|0x000000008bf00000, 0x000000008c000000, 0x000000008c000000|100%| E|CS|TAMS 0x000000008bf00000, 0x000000008bf00000| Complete 
| 192|0x000000008c000000, 0x000000008c100000, 0x000000008c100000|100%| E|CS|TAMS 0x000000008c000000, 0x000000008c000000| Complete 
| 193|0x000000008c100000, 0x000000008c200000, 0x000000008c200000|100%| E|CS|TAMS 0x000000008c100000, 0x000000008c100000| Complete 
| 194|0x000000008c200000, 0x000000008c300000, 0x000000008c300000|100%| E|CS|TAMS 0x000000008c200000, 0x000000008c200000| Complete 
| 195|0x000000008c300000, 0x000000008c400000, 0x000000008c400000|100%| E|CS|TAMS 0x000000008c300000, 0x000000008c300000| Complete 
| 196|0x000000008c400000, 0x000000008c500000, 0x000000008c500000|100%| E|CS|TAMS 0x000000008c400000, 0x000000008c400000| Complete 
| 197|0x000000008c500000, 0x000000008c600000, 0x000000008c600000|100%| E|CS|TAMS 0x000000008c500000, 0x000000008c500000| Complete 
| 198|0x000000008c600000, 0x000000008c700000, 0x000000008c700000|100%| E|CS|TAMS 0x000000008c600000, 0x000000008c600000| Complete 
| 199|0x000000008c700000, 0x000000008c800000, 0x000000008c800000|100%| E|CS|TAMS 0x000000008c700000, 0x000000008c700000| Complete 
| 200|0x000000008c800000, 0x000000008c900000, 0x000000008c900000|100%| E|CS|TAMS 0x000000008c800000, 0x000000008c800000| Complete 
| 201|0x000000008c900000, 0x000000008ca00000, 0x000000008ca00000|100%| E|CS|TAMS 0x000000008c900000, 0x000000008c900000| Complete 
| 202|0x000000008ca00000, 0x000000008cb00000, 0x000000008cb00000|100%| E|CS|TAMS 0x000000008ca00000, 0x000000008ca00000| Complete 
| 203|0x000000008cb00000, 0x000000008cc00000, 0x000000008cc00000|100%| E|CS|TAMS 0x000000008cb00000, 0x000000008cb00000| Complete 
| 204|0x000000008cc00000, 0x000000008cd00000, 0x000000008cd00000|100%| E|CS|TAMS 0x000000008cc00000, 0x000000008cc00000| Complete 
| 205|0x000000008cd00000, 0x000000008ce00000, 0x000000008ce00000|100%| E|CS|TAMS 0x000000008cd00000, 0x000000008cd00000| Complete 
| 206|0x000000008ce00000, 0x000000008cf00000, 0x000000008cf00000|100%| E|CS|TAMS 0x000000008ce00000, 0x000000008ce00000| Complete 
| 207|0x000000008cf00000, 0x000000008d000000, 0x000000008d000000|100%| E|CS|TAMS 0x000000008cf00000, 0x000000008cf00000| Complete 
| 208|0x000000008d000000, 0x000000008d100000, 0x000000008d100000|100%| E|CS|TAMS 0x000000008d000000, 0x000000008d000000| Complete 
| 209|0x000000008d100000, 0x000000008d200000, 0x000000008d200000|100%| E|CS|TAMS 0x000000008d100000, 0x000000008d100000| Complete 
| 210|0x000000008d200000, 0x000000008d300000, 0x000000008d300000|100%| E|CS|TAMS 0x000000008d200000, 0x000000008d200000| Complete 
| 211|0x000000008d300000, 0x000000008d400000, 0x000000008d400000|100%| E|CS|TAMS 0x000000008d300000, 0x000000008d300000| Complete 
| 212|0x000000008d400000, 0x000000008d500000, 0x000000008d500000|100%| E|CS|TAMS 0x000000008d400000, 0x000000008d400000| Complete 
| 213|0x000000008d500000, 0x000000008d600000, 0x000000008d600000|100%| E|CS|TAMS 0x000000008d500000, 0x000000008d500000| Complete 
| 214|0x000000008d600000, 0x000000008d700000, 0x000000008d700000|100%| E|CS|TAMS 0x000000008d600000, 0x000000008d600000| Complete 
| 215|0x000000008d700000, 0x000000008d800000, 0x000000008d800000|100%| E|CS|TAMS 0x000000008d700000, 0x000000008d700000| Complete 
| 216|0x000000008d800000, 0x000000008d900000, 0x000000008d900000|100%| E|CS|TAMS 0x000000008d800000, 0x000000008d800000| Complete 
| 217|0x000000008d900000, 0x000000008da00000, 0x000000008da00000|100%| E|CS|TAMS 0x000000008d900000, 0x000000008d900000| Complete 
| 218|0x000000008da00000, 0x000000008db00000, 0x000000008db00000|100%| E|CS|TAMS 0x000000008da00000, 0x000000008da00000| Complete 
| 219|0x000000008db00000, 0x000000008dc00000, 0x000000008dc00000|100%| E|CS|TAMS 0x000000008db00000, 0x000000008db00000| Complete 

Card table byte_map: [0x000001eee5410000,0x000001eee5810000] _byte_map_base: 0x000001eee5010000

Marking Bits (Prev, Next): (CMBitMap*) 0x000001eed1edc548, (CMBitMap*) 0x000001eed1edc580
 Prev Bits: [0x000001eee5c10000, 0x000001eee7c10000)
 Next Bits: [0x000001eee7c10000, 0x000001eee9c10000)

Polling page: 0x000001eed1f80000

Metaspace:

Usage:
  Non-class:     81.22 MB capacity,    79.77 MB ( 98%) used,     1.20 MB (  1%) free+waste,   260.75 KB ( <1%) overhead. 
      Class:     12.65 MB capacity,    11.85 MB ( 94%) used,   707.03 KB (  5%) free+waste,   116.31 KB ( <1%) overhead. 
       Both:     93.88 MB capacity,    91.62 MB ( 98%) used,     1.89 MB (  2%) free+waste,   377.06 KB ( <1%) overhead. 

Virtual space:
  Non-class space:       82.00 MB reserved,      81.34 MB (>99%) committed 
      Class space:        1.00 GB reserved,      12.70 MB (  1%) committed 
             Both:        1.08 GB reserved,      94.04 MB (  9%) committed 

Chunk freelists:
   Non-Class:  54.00 KB
       Class:  2.00 KB
        Both:  56.00 KB

MaxMetaspaceSize: 17179869184.00 GB
CompressedClassSpaceSize: 1.00 GB
Initial GC threshold: 20.80 MB
Current GC threshold: 108.40 MB
CDS: off

CodeHeap 'non-profiled nmethods': size=120064Kb used=6832Kb max_used=6832Kb free=113232Kb
 bounds [0x000001eedd490000, 0x000001eeddb40000, 0x000001eee49d0000]
CodeHeap 'profiled nmethods': size=120000Kb used=24927Kb max_used=24927Kb free=95072Kb
 bounds [0x000001eed5f60000, 0x000001eed77c0000, 0x000001eedd490000]
CodeHeap 'non-nmethods': size=5696Kb used=2397Kb max_used=2455Kb free=3298Kb
 bounds [0x000001eed59d0000, 0x000001eed5c50000, 0x000001eed5f60000]
 total_blobs=12373 nmethods=11454 adapters=831
 compilation: enabled
              stopped_count=0, restarted_count=0
 full_count=0

Compilation events (20 events):
Event: 36.252 Thread 0x000001eeec271800 11600       3       com.google.common.collect.Lists::indexOfRandomAccess (70 bytes)
Event: 36.252 Thread 0x000001eeec271800 nmethod 11600 0x000001eed77aef10 code [0x000001eed77af120, 0x000001eed77af778]
Event: 36.252 Thread 0x000001eeec271800 11601       3       java.lang.Integer::stringSize (47 bytes)
Event: 36.253 Thread 0x000001eeec271800 nmethod 11601 0x000001eed77af990 code [0x000001eed77afb40, 0x000001eed77afd78]
Event: 36.253 Thread 0x000001eeec271800 11599       3       com.google.common.collect.Lists::indexOfImpl (51 bytes)
Event: 36.253 Thread 0x000001eeec271800 nmethod 11599 0x000001eed77afe10 code [0x000001eed77b0040, 0x000001eed77b0878]
Event: 36.254 Thread 0x000001eeec271800 11602       1       org.gradle.internal.work.DefaultConditionalExecutionQueue::access$100 (5 bytes)
Event: 36.254 Thread 0x000001eeec271800 nmethod 11602 0x000001eeddb3aa10 code [0x000001eeddb3abc0, 0x000001eeddb3ac58]
Event: 36.273 Thread 0x000001eeec271800 11603       3       org.gradle.internal.instantiation.generator.AsmBackedClassGenerator$ClassBuilderImpl::visitAnnotationValues (253 bytes)
Event: 36.273 Thread 0x000001eeec270800 nmethod 11588 0x000001eeddb3ad10 code [0x000001eeddb3aee0, 0x000001eeddb3b6e8]
Event: 36.274 Thread 0x000001eeec270800 11598       4       org.gradle.internal.service.DefaultServiceRegistry::assertValidServiceType (51 bytes)
Event: 36.275 Thread 0x000001eeec270800 nmethod 11598 0x000001eeddb3bc90 code [0x000001eeddb3be20, 0x000001eeddb3bef8]
Event: 36.275 Thread 0x000001eeec270800 11594       4       org.gradle.internal.service.DefaultServiceRegistry$SingletonService::get (5 bytes)
Event: 36.281 Thread 0x000001eeec271800 nmethod 11603 0x000001eed77b0a90 code [0x000001eed77b1100, 0x000001eed77b4398]
Event: 36.283 Thread 0x000001eeec271800 11605   !   3       org.gradle.internal.work.DefaultWorkerLeaseService::withLocks (51 bytes)
Event: 36.285 Thread 0x000001eeec271800 nmethod 11605 0x000001eed77b5710 code [0x000001eed77b59c0, 0x000001eed77b6608]
Event: 36.288 Thread 0x000001eeec271800 11610       3       org.gradle.internal.work.DefaultWorkerLeaseService::containsProjectLocks (40 bytes)
Event: 36.289 Thread 0x000001eeec271800 nmethod 11610 0x000001eed77b6b90 code [0x000001eed77b6da0, 0x000001eed77b73c8]
Event: 36.289 Thread 0x000001eeec271800 11611       3       org.gradle.internal.work.DefaultWorkerLeaseService$3::transform (51 bytes)
Event: 36.290 Thread 0x000001eeec271800 nmethod 11611 0x000001eed77b7510 code [0x000001eed77b7720, 0x000001eed77b7dc8]

GC Heap History (20 events):
Event: 9.306 GC heap before
{Heap before GC invocations=10 (full 0):
 garbage-first heap   total 155648K, used 93551K [0x0000000080000000, 0x0000000100000000)
  region size 1024K, 71 young (72704K), 4 survivors (4096K)
 Metaspace       used 39760K, capacity 40814K, committed 40988K, reserved 1085440K
  class space    used 5091K, capacity 5467K, committed 5504K, reserved 1048576K
}
Event: 9.325 GC heap after
{Heap after GC invocations=11 (full 0):
 garbage-first heap   total 155648K, used 27794K [0x0000000080000000, 0x0000000100000000)
  region size 1024K, 9 young (9216K), 9 survivors (9216K)
 Metaspace       used 39760K, capacity 40814K, committed 40988K, reserved 1085440K
  class space    used 5091K, capacity 5467K, committed 5504K, reserved 1048576K
}
Event: 10.836 GC heap before
{Heap before GC invocations=11 (full 0):
 garbage-first heap   total 155648K, used 97426K [0x0000000080000000, 0x0000000100000000)
  region size 1024K, 77 young (78848K), 9 survivors (9216K)
 Metaspace       used 46047K, capacity 47210K, committed 47516K, reserved 1091584K
  class space    used 5923K, capacity 6332K, committed 6400K, reserved 1048576K
}
Event: 10.858 GC heap after
{Heap after GC invocations=12 (full 0):
 garbage-first heap   total 155648K, used 30418K [0x0000000080000000, 0x0000000100000000)
  region size 1024K, 8 young (8192K), 8 survivors (8192K)
 Metaspace       used 46047K, capacity 47210K, committed 47516K, reserved 1091584K
  class space    used 5923K, capacity 6332K, committed 6400K, reserved 1048576K
}
Event: 13.685 GC heap before
{Heap before GC invocations=12 (full 0):
 garbage-first heap   total 155648K, used 111314K [0x0000000080000000, 0x0000000100000000)
  region size 1024K, 83 young (84992K), 8 survivors (8192K)
 Metaspace       used 50713K, capacity 52030K, committed 52252K, reserved 1095680K
  class space    used 6464K, capacity 6943K, committed 7040K, reserved 1048576K
}
Event: 13.714 GC heap after
{Heap after GC invocations=13 (full 0):
 garbage-first heap   total 155648K, used 43829K [0x0000000080000000, 0x0000000100000000)
  region size 1024K, 11 young (11264K), 11 survivors (11264K)
 Metaspace       used 50713K, capacity 52030K, committed 52252K, reserved 1095680K
  class space    used 6464K, capacity 6943K, committed 7040K, reserved 1048576K
}
Event: 15.269 GC heap before
{Heap before GC invocations=13 (full 0):
 garbage-first heap   total 155648K, used 102197K [0x0000000080000000, 0x0000000100000000)
  region size 1024K, 69 young (70656K), 11 survivors (11264K)
 Metaspace       used 59230K, capacity 60617K, committed 60636K, reserved 1101824K
  class space    used 7535K, capacity 8052K, committed 8064K, reserved 1048576K
}
Event: 15.307 GC heap after
{Heap after GC invocations=14 (full 0):
 garbage-first heap   total 187392K, used 47542K [0x0000000080000000, 0x0000000100000000)
  region size 1024K, 4 young (4096K), 4 survivors (4096K)
 Metaspace       used 59230K, capacity 60617K, committed 60636K, reserved 1101824K
  class space    used 7535K, capacity 8052K, committed 8064K, reserved 1048576K
}
Event: 17.060 GC heap before
{Heap before GC invocations=15 (full 0):
 garbage-first heap   total 187392K, used 126390K [0x0000000080000000, 0x0000000100000000)
  region size 1024K, 81 young (82944K), 4 survivors (4096K)
 Metaspace       used 64666K, capacity 66292K, committed 66600K, reserved 1107968K
  class space    used 8234K, capacity 8822K, committed 8908K, reserved 1048576K
}
Event: 17.087 GC heap after
{Heap after GC invocations=16 (full 0):
 garbage-first heap   total 187392K, used 53091K [0x0000000080000000, 0x0000000100000000)
  region size 1024K, 9 young (9216K), 9 survivors (9216K)
 Metaspace       used 64666K, capacity 66292K, committed 66600K, reserved 1107968K
  class space    used 8234K, capacity 8822K, committed 8908K, reserved 1048576K
}
Event: 18.988 GC heap before
{Heap before GC invocations=17 (full 0):
 garbage-first heap   total 187392K, used 133987K [0x0000000080000000, 0x0000000100000000)
  region size 1024K, 88 young (90112K), 9 survivors (9216K)
 Metaspace       used 71834K, capacity 73530K, committed 73640K, reserved 1114112K
  class space    used 9362K, capacity 9996K, committed 10060K, reserved 1048576K
}
Event: 19.016 GC heap after
{Heap after GC invocations=18 (full 0):
 garbage-first heap   total 187392K, used 58462K [0x0000000080000000, 0x0000000100000000)
  region size 1024K, 6 young (6144K), 6 survivors (6144K)
 Metaspace       used 71834K, capacity 73530K, committed 73640K, reserved 1114112K
  class space    used 9362K, capacity 9996K, committed 10060K, reserved 1048576K
}
Event: 21.817 GC heap before
{Heap before GC invocations=18 (full 0):
 garbage-first heap   total 187392K, used 137310K [0x0000000080000000, 0x0000000100000000)
  region size 1024K, 83 young (84992K), 6 survivors (6144K)
 Metaspace       used 80115K, capacity 82147K, committed 82344K, reserved 1120256K
  class space    used 10551K, capacity 11279K, committed 11340K, reserved 1048576K
}
Event: 21.840 GC heap after
{Heap after GC invocations=19 (full 0):
 garbage-first heap   total 187392K, used 63708K [0x0000000080000000, 0x0000000100000000)
  region size 1024K, 11 young (11264K), 11 survivors (11264K)
 Metaspace       used 80115K, capacity 82147K, committed 82344K, reserved 1120256K
  class space    used 10551K, capacity 11279K, committed 11340K, reserved 1048576K
}
Event: 26.496 GC heap before
{Heap before GC invocations=19 (full 0):
 garbage-first heap   total 187392K, used 140508K [0x0000000080000000, 0x0000000100000000)
  region size 1024K, 87 young (89088K), 11 survivors (11264K)
 Metaspace       used 85947K, capacity 88013K, committed 88232K, reserved 1126400K
  class space    used 11261K, capacity 12041K, committed 12108K, reserved 1048576K
}
Event: 26.534 GC heap after
{Heap after GC invocations=20 (full 0):
 garbage-first heap   total 225280K, used 69192K [0x0000000080000000, 0x0000000100000000)
  region size 1024K, 11 young (11264K), 11 survivors (11264K)
 Metaspace       used 85947K, capacity 88013K, committed 88232K, reserved 1126400K
  class space    used 11261K, capacity 12041K, committed 12108K, reserved 1048576K
}
Event: 30.162 GC heap before
{Heap before GC invocations=20 (full 0):
 garbage-first heap   total 225280K, used 163400K [0x0000000080000000, 0x0000000100000000)
  region size 1024K, 103 young (105472K), 11 survivors (11264K)
 Metaspace       used 88029K, capacity 90123K, committed 90152K, reserved 1128448K
  class space    used 11422K, capacity 12213K, committed 12236K, reserved 1048576K
}
Event: 30.199 GC heap after
{Heap after GC invocations=21 (full 0):
 garbage-first heap   total 225280K, used 76092K [0x0000000080000000, 0x0000000100000000)
  region size 1024K, 13 young (13312K), 13 survivors (13312K)
 Metaspace       used 88029K, capacity 90123K, committed 90152K, reserved 1128448K
  class space    used 11422K, capacity 12213K, committed 12236K, reserved 1048576K
}
Event: 33.635 GC heap before
{Heap before GC invocations=21 (full 0):
 garbage-first heap   total 225280K, used 172348K [0x0000000080000000, 0x0000000100000000)
  region size 1024K, 107 young (109568K), 13 survivors (13312K)
 Metaspace       used 92705K, capacity 94918K, committed 95144K, reserved 1132544K
  class space    used 12005K, capacity 12795K, committed 12876K, reserved 1048576K
}
Event: 33.666 GC heap after
{Heap after GC invocations=22 (full 0):
 garbage-first heap   total 225280K, used 79601K [0x0000000080000000, 0x0000000100000000)
  region size 1024K, 11 young (11264K), 11 survivors (11264K)
 Metaspace       used 92705K, capacity 94918K, committed 95144K, reserved 1132544K
  class space    used 12005K, capacity 12795K, committed 12876K, reserved 1048576K
}

Deoptimization events (20 events):
Event: 36.095 Thread 0x000001eef20db800 Uncommon trap: trap_request=0xffffff4d fr.pc=0x000001eedd4c5240 relative=0x00000000000007e0
Event: 36.095 Thread 0x000001eef20db800 Uncommon trap: reason=unstable_if action=reinterpret pc=0x000001eedd4c5240 method=java.util.zip.ZipFile$Source.getEntryPos([BZ)I @ 105 c2
Event: 36.095 Thread 0x000001eef20db800 DEOPT PACKING pc=0x000001eedd4c5240 sp=0x0000002eff8fa5d0
Event: 36.095 Thread 0x000001eef20db800 DEOPT UNPACKING pc=0x000001eed5a1a1af sp=0x0000002eff8fa570 mode 2
Event: 36.129 Thread 0x000001eef20d4000 Uncommon trap: trap_request=0xffffff7e fr.pc=0x000001eedd97e5bc relative=0x000000000000075c
Event: 36.130 Thread 0x000001eef20d4000 Uncommon trap: reason=predicate action=maybe_recompile pc=0x000001eedd97e5bc method=sun.security.provider.DigestBase.implCompressMultiBlock0([BII)I @ 2 c2
Event: 36.130 Thread 0x000001eef20d4000 DEOPT PACKING pc=0x000001eedd97e5bc sp=0x0000002eff1fa660
Event: 36.130 Thread 0x000001eef20d4000 DEOPT UNPACKING pc=0x000001eed5a1a1af sp=0x0000002eff1fa530 mode 2
Event: 36.130 Thread 0x000001eef20d4000 Uncommon trap: trap_request=0xffffffd6 fr.pc=0x000001eeddb2ea5c relative=0x000000000000297c
Event: 36.130 Thread 0x000001eef20d4000 Uncommon trap: reason=array_check action=maybe_recompile pc=0x000001eeddb2ea5c method=java.util.TimSort.reverseRange([Ljava/lang/Object;II)V @ 20 c2
Event: 36.131 Thread 0x000001eef20d4000 DEOPT PACKING pc=0x000001eeddb2ea5c sp=0x0000002eff1fa4f0
Event: 36.131 Thread 0x000001eef20d4000 DEOPT UNPACKING pc=0x000001eed5a1a1af sp=0x0000002eff1fa3c8 mode 2
Event: 36.131 Thread 0x000001eef20d4000 Uncommon trap: trap_request=0xffffffd6 fr.pc=0x000001eeddb2ea5c relative=0x000000000000297c
Event: 36.131 Thread 0x000001eef20d4000 Uncommon trap: reason=array_check action=maybe_recompile pc=0x000001eeddb2ea5c method=java.util.TimSort.reverseRange([Ljava/lang/Object;II)V @ 20 c2
Event: 36.131 Thread 0x000001eef20d4000 DEOPT PACKING pc=0x000001eeddb2ea5c sp=0x0000002eff1fa4f0
Event: 36.131 Thread 0x000001eef20d4000 DEOPT UNPACKING pc=0x000001eed5a1a1af sp=0x0000002eff1fa3c8 mode 2
Event: 36.132 Thread 0x000001eef20d4000 Uncommon trap: trap_request=0xffffff7e fr.pc=0x000001eeddb2e94c relative=0x000000000000286c
Event: 36.132 Thread 0x000001eef20d4000 Uncommon trap: reason=predicate action=maybe_recompile pc=0x000001eeddb2e94c method=java.util.TimSort.binarySort([Ljava/lang/Object;IIILjava/util/Comparator;)V @ 34 c2
Event: 36.132 Thread 0x000001eef20d4000 DEOPT PACKING pc=0x000001eeddb2e94c sp=0x0000002eff1fa210
Event: 36.132 Thread 0x000001eef20d4000 DEOPT UNPACKING pc=0x000001eed5a1a1af sp=0x0000002eff1fa148 mode 2

Classes redefined (0 events):
No events

Internal exceptions (20 events):
Event: 21.148 Thread 0x000001eef20d4000 Exception <a 'java/lang/IncompatibleClassChangeError'{0x0000000087498c00}: Found class java.lang.Object, but interface was expected> (0x0000000087498c00) thrown at [./src/hotspot/share/interpreter/linkResolver.cpp, line 839]
Event: 21.341 Thread 0x000001eef20d4000 Exception <a 'java/lang/NoSuchMethodError'{0x00000000872d56e0}: 'int java.lang.invoke.DirectMethodHandle$Holder.invokeStaticInit(java.lang.Object, java.lang.Object, java.lang.Object, java.lang.Object, java.lang.Object)'> (0x00000000872d56e0) thrown at [./src/hotspot/share/interpreter/linkResolver.cpp, line 773]
Event: 21.878 Thread 0x000001eef02ed800 Exception <a 'sun/nio/fs/WindowsException'{0x000000008b6aca10}> (0x000000008b6aca10) thrown at [./src/hotspot/share/prims/jni.cpp, line 615]
Event: 21.887 Thread 0x000001eef02ed800 Implicit null exception at 0x000001eedd6370fb to 0x000001eedd638164
Event: 25.245 Thread 0x000001eef02ed800 Exception <a 'java/lang/NoSuchMethodError'{0x0000000088b4f0f0}: 'void java.lang.invoke.DirectMethodHandle$Holder.invokeStatic(java.lang.Object, java.lang.Object, java.lang.Object, java.lang.Object, int, java.lang.Object, java.lang.Object)'> (0x0000000088b4f0f0) thrown at [./src/hotspot/share/interpreter/linkResolver.cpp, line 773]
Event: 25.299 Thread 0x000001eef0b0e800 Exception <a 'java/lang/NoSuchMethodError'{0x00000000886c98e8}: 'java.lang.Object java.lang.invoke.DirectMethodHandle$Holder.invokeSpecialIFC(java.lang.Object, java.lang.Object, java.lang.Object)'> (0x00000000886c98e8) thrown at [./src/hotspot/share/interpreter/linkResolver.cpp, line 773]
Event: 25.299 Thread 0x000001eeef1c0000 Exception <a 'java/lang/NoSuchMethodError'{0x00000000886bf2e8}: 'java.lang.Object java.lang.invoke.DirectMethodHandle$Holder.invokeSpecialIFC(java.lang.Object, java.lang.Object, java.lang.Object)'> (0x00000000886bf2e8) thrown at [./src/hotspot/share/interpreter/linkResolver.cpp, line 773]
Event: 29.271 Thread 0x000001eef02ed800 Exception <a 'java/lang/NoSuchMethodError'{0x0000000088ebee98}: 'void java.lang.invoke.DirectMethodHandle$Holder.invokeVirtual(java.lang.Object, java.lang.Object)'> (0x0000000088ebee98) thrown at [./src/hotspot/share/interpreter/linkResolver.cpp, line 773]
Event: 30.826 Thread 0x000001eef02ed800 Implicit null exception at 0x000001eedd81c994 to 0x000001eedd81cf6c
Event: 31.474 Thread 0x000001eef02ed800 Exception <a 'java/lang/NoSuchMethodError'{0x000000008c6f0708}: 'void java.lang.invoke.DirectMethodHandle$Holder.invokeStatic(java.lang.Object, java.lang.Object, java.lang.Object, java.lang.Object, java.lang.Object, java.lang.Object, java.lang.Object)'> (0x000000008c6f0708) thrown at [./src/hotspot/share/interpreter/linkResolver.cpp, line 773]
Event: 31.511 Thread 0x000001eeef4a7800 Exception <a 'java/lang/NoSuchMethodError'{0x000000008c48fed0}: <clinit>> (0x000000008c48fed0) thrown at [./src/hotspot/share/prims/jni.cpp, line 1365]
Event: 34.039 Thread 0x000001eef20d8000 Exception <a 'java/lang/NoSuchMethodError'{0x000000008cb94778}: 'int java.lang.invoke.DirectMethodHandle$Holder.invokeSpecial(java.lang.Object, java.lang.Object, java.lang.Object, java.lang.Object, java.lang.Object)'> (0x000000008cb94778) thrown at [./src/hotspot/share/interpreter/linkResolver.cpp, line 773]
Event: 34.307 Thread 0x000001eef20d8000 Implicit null exception at 0x000001eeddad5077 to 0x000001eeddad5874
Event: 34.877 Thread 0x000001eef0b10000 Implicit null exception at 0x000001eeddafbb52 to 0x000001eeddafbf58
Event: 36.129 Thread 0x000001eef20d4000 Exception <a 'java/lang/NoSuchMethodError'{0x0000000088f41528}: <clinit>> (0x0000000088f41528) thrown at [./src/hotspot/share/prims/jni.cpp, line 1365]
Event: 36.131 Thread 0x000001eef20d4000 Exception <a 'java/lang/NoSuchMethodError'{0x0000000088f42b18}: <clinit>> (0x0000000088f42b18) thrown at [./src/hotspot/share/prims/jni.cpp, line 1365]
Event: 36.132 Thread 0x000001eef20d4000 Exception <a 'java/lang/NoSuchMethodError'{0x0000000088f44cb8}: <clinit>> (0x0000000088f44cb8) thrown at [./src/hotspot/share/prims/jni.cpp, line 1365]
Event: 36.135 Thread 0x000001eef20d4000 Exception <a 'java/lang/NoSuchMethodError'{0x0000000088f5c300}: <clinit>> (0x0000000088f5c300) thrown at [./src/hotspot/share/prims/jni.cpp, line 1365]
Event: 36.135 Thread 0x000001eef20d4000 Exception <a 'java/lang/NoSuchMethodError'{0x0000000088f5d7e0}: <clinit>> (0x0000000088f5d7e0) thrown at [./src/hotspot/share/prims/jni.cpp, line 1365]
Event: 36.321 Thread 0x000001eef0b05000 Implicit null exception at 0x000001eed71c1884 to 0x0000000000000000

Events (20 events):
Event: 36.224 loading class com/android/tools/r8/utils/e
Event: 36.224 loading class com/android/tools/r8/utils/e done
Event: 36.224 loading class com/android/tools/r8/internal/SF0
Event: 36.224 loading class com/android/tools/r8/internal/SF0 done
Event: 36.226 loading class com/android/tools/r8/utils/j$a
Event: 36.226 loading class com/android/tools/r8/utils/j$a done
Event: 36.227 loading class com/android/tools/r8/ProgramResourceProvider
Event: 36.227 loading class com/android/tools/r8/ProgramResourceProvider done
Event: 36.228 Executing VM operation: RevokeBias
Event: 36.235 Executing VM operation: RevokeBias done
Event: 36.237 Executing VM operation: RevokeBias
Event: 36.237 Executing VM operation: RevokeBias done
Event: 36.253 loading class org/gradle/api/internal/artifacts/ivyservice/clientmodule/ClientModuleResolver$ClientModuleComponentResolveMetadata
Event: 36.253 loading class org/gradle/api/internal/artifacts/ivyservice/clientmodule/ClientModuleResolver$ClientModuleComponentResolveMetadata done
Event: 36.256 loading class org/gradle/api/internal/artifacts/ivyservice/clientmodule/ClientModuleResolver$ClientModuleConfigurationMetadata
Event: 36.256 loading class org/gradle/api/internal/artifacts/ivyservice/clientmodule/ClientModuleResolver$ClientModuleConfigurationMetadata done
Event: 36.257 Executing VM operation: Deoptimize
Event: 36.259 Executing VM operation: Deoptimize done
Event: 36.321 loading class com/android/tools/r8/internal/cp1
Event: 36.321 loading class com/android/tools/r8/internal/cp1 done


Dynamic libraries:
0x00007ff770600000 - 0x00007ff77060a000 	C:\Program Files\Android\Android Studio\jre\bin\java.exe
0x00007ffc66eb0000 - 0x00007ffc670a7000 	C:\WINDOWS\SYSTEM32\ntdll.dll
0x00007ffc65630000 - 0x00007ffc656ed000 	C:\WINDOWS\System32\KERNEL32.DLL
0x00007ffc647e0000 - 0x00007ffc64aad000 	C:\WINDOWS\System32\KERNELBASE.dll
0x00007ffc646e0000 - 0x00007ffc647e0000 	C:\WINDOWS\System32\ucrtbase.dll
0x00007ffc5f2c0000 - 0x00007ffc5f2d9000 	C:\Program Files\Android\Android Studio\jre\bin\jli.dll
0x00007ffc65490000 - 0x00007ffc65630000 	C:\WINDOWS\System32\USER32.dll
0x00007ffc64e70000 - 0x00007ffc64e92000 	C:\WINDOWS\System32\win32u.dll
0x00007ffc5cca0000 - 0x00007ffc5ccb7000 	C:\Program Files\Android\Android Studio\jre\bin\VCRUNTIME140.dll
0x00007ffc656f0000 - 0x00007ffc6571a000 	C:\WINDOWS\System32\GDI32.dll
0x00007ffc64ab0000 - 0x00007ffc64bbb000 	C:\WINDOWS\System32\gdi32full.dll
0x00007ffc64c70000 - 0x00007ffc64d0d000 	C:\WINDOWS\System32\msvcp_win.dll
0x00007ffc52890000 - 0x00007ffc52b2a000 	C:\WINDOWS\WinSxS\amd64_microsoft.windows.common-controls_6595b64144ccf1df_6.0.19041.1110_none_60b5254171f9507e\COMCTL32.dll
0x00007ffc653f0000 - 0x00007ffc6548e000 	C:\WINDOWS\System32\msvcrt.dll
0x00007ffc65c90000 - 0x00007ffc65cc0000 	C:\WINDOWS\System32\IMM32.DLL
0x00007ffc453c0000 - 0x00007ffc4545d000 	C:\Program Files\Android\Android Studio\jre\bin\msvcp140.dll
0x00007ffbdb810000 - 0x00007ffbdc2f5000 	C:\Program Files\Android\Android Studio\jre\bin\server\jvm.dll
0x00007ffc665a0000 - 0x00007ffc6664e000 	C:\WINDOWS\System32\ADVAPI32.dll
0x00007ffc66440000 - 0x00007ffc664dc000 	C:\WINDOWS\System32\sechost.dll
0x00007ffc65ea0000 - 0x00007ffc65fc5000 	C:\WINDOWS\System32\RPCRT4.dll
0x00007ffc65720000 - 0x00007ffc65728000 	C:\WINDOWS\System32\PSAPI.DLL
0x00007ffc49200000 - 0x00007ffc49209000 	C:\WINDOWS\SYSTEM32\WSOCK32.dll
0x00007ffc65cc0000 - 0x00007ffc65d2b000 	C:\WINDOWS\System32\WS2_32.dll
0x00007ffc50540000 - 0x00007ffc50567000 	C:\WINDOWS\SYSTEM32\WINMM.dll
0x00007ffc58bb0000 - 0x00007ffc58bba000 	C:\WINDOWS\SYSTEM32\VERSION.dll
0x00007ffc62e60000 - 0x00007ffc62e72000 	C:\WINDOWS\SYSTEM32\kernel.appcore.dll
0x00007ffc53610000 - 0x00007ffc53621000 	C:\Program Files\Android\Android Studio\jre\bin\verify.dll
0x00007ffc62b60000 - 0x00007ffc62d44000 	C:\WINDOWS\SYSTEM32\DBGHELP.DLL
0x00007ffc51cc0000 - 0x00007ffc51cec000 	C:\WINDOWS\SYSTEM32\dbgcore.DLL
0x00007ffc64650000 - 0x00007ffc646d2000 	C:\WINDOWS\System32\bcryptPrimitives.dll
0x00007ffc440f0000 - 0x00007ffc44119000 	C:\Program Files\Android\Android Studio\jre\bin\java.dll
0x00007ffc53580000 - 0x00007ffc5358b000 	C:\Program Files\Android\Android Studio\jre\bin\jimage.dll
0x00007ffc4be70000 - 0x00007ffc4be88000 	C:\Program Files\Android\Android Studio\jre\bin\zip.dll
0x00007ffc66650000 - 0x00007ffc66d94000 	C:\WINDOWS\System32\SHELL32.dll
0x00007ffc623c0000 - 0x00007ffc62b54000 	C:\WINDOWS\SYSTEM32\windows.storage.dll
0x00007ffc64fc0000 - 0x00007ffc65314000 	C:\WINDOWS\System32\combase.dll
0x00007ffc64030000 - 0x00007ffc6405c000 	C:\WINDOWS\SYSTEM32\Wldp.dll
0x00007ffc65320000 - 0x00007ffc653cd000 	C:\WINDOWS\System32\SHCORE.dll
0x00007ffc664e0000 - 0x00007ffc66535000 	C:\WINDOWS\System32\shlwapi.dll
0x00007ffc64510000 - 0x00007ffc6452f000 	C:\WINDOWS\SYSTEM32\profapi.dll
0x00007ffc482b0000 - 0x00007ffc482ca000 	C:\Program Files\Android\Android Studio\jre\bin\net.dll
0x00007ffc5c180000 - 0x00007ffc5c28a000 	C:\WINDOWS\SYSTEM32\WINHTTP.dll
0x00007ffc63d90000 - 0x00007ffc63dfa000 	C:\WINDOWS\system32\mswsock.dll
0x00007ffc44000000 - 0x00007ffc44014000 	C:\Program Files\Android\Android Studio\jre\bin\nio.dll
0x00007ffc53770000 - 0x00007ffc53797000 	C:\Users\Dell\.gradle\native\e1d6ef7f7dcc3fd88c89a11ec53ec762bb8ba0a96d01ffa2cd45eb1d1d8dd5c5\windows-amd64\native-platform.dll
0x00007ffc3c2d0000 - 0x00007ffc3c414000 	C:\Users\Dell\.gradle\native\5664cfc778a61ccfe75a443a1ab52a65af34e5dc3c78e0209fed803814484fcb\windows-amd64\native-platform-file-events.dll
0x00007ffc53570000 - 0x00007ffc5357a000 	C:\Program Files\Android\Android Studio\jre\bin\management.dll
0x00007ffc52e20000 - 0x00007ffc52e2d000 	C:\Program Files\Android\Android Studio\jre\bin\management_ext.dll
0x00007ffc63f80000 - 0x00007ffc63f98000 	C:\WINDOWS\SYSTEM32\CRYPTSP.dll
0x00007ffc636a0000 - 0x00007ffc636d4000 	C:\WINDOWS\system32\rsaenh.dll
0x00007ffc645d0000 - 0x00007ffc645f7000 	C:\WINDOWS\System32\bcrypt.dll
0x00007ffc64490000 - 0x00007ffc644be000 	C:\WINDOWS\SYSTEM32\USERENV.dll
0x00007ffc63fa0000 - 0x00007ffc63fac000 	C:\WINDOWS\SYSTEM32\CRYPTBASE.dll
0x00007ffc63a30000 - 0x00007ffc63a6b000 	C:\WINDOWS\SYSTEM32\IPHLPAPI.DLL
0x00007ffc66430000 - 0x00007ffc66438000 	C:\WINDOWS\System32\NSI.dll
0x00007ffc585c0000 - 0x00007ffc585d7000 	C:\WINDOWS\SYSTEM32\dhcpcsvc6.DLL
0x00007ffc5a760000 - 0x00007ffc5a77d000 	C:\WINDOWS\SYSTEM32\dhcpcsvc.DLL
0x00007ffc63a70000 - 0x00007ffc63b3b000 	C:\WINDOWS\SYSTEM32\DNSAPI.dll
0x00007ffc42bf0000 - 0x00007ffc42c17000 	C:\Program Files\Android\Android Studio\jre\bin\sunec.dll
0x00007ffc51cf0000 - 0x00007ffc51cfa000 	C:\Windows\System32\rasadhlp.dll
0x00007ffc53380000 - 0x00007ffc53400000 	C:\WINDOWS\System32\fwpuclnt.dll

dbghelp: loaded successfully - version: 4.0.5 - missing functions: none
symbol engine: initialized successfully - sym options: 0x614 - pdb path: .;C:\Program Files\Android\Android Studio\jre\bin;C:\WINDOWS\SYSTEM32;C:\WINDOWS\WinSxS\amd64_microsoft.windows.common-controls_6595b64144ccf1df_6.0.19041.1110_none_60b5254171f9507e;C:\Program Files\Android\Android Studio\jre\bin\server;C:\Users\Dell\.gradle\native\e1d6ef7f7dcc3fd88c89a11ec53ec762bb8ba0a96d01ffa2cd45eb1d1d8dd5c5\windows-amd64;C:\Users\Dell\.gradle\native\5664cfc778a61ccfe75a443a1ab52a65af34e5dc3c78e0209fed803814484fcb\windows-amd64

VM Arguments:
jvm_args: --add-opens=java.base/java.util=ALL-UNNAMED --add-opens=java.base/java.lang=ALL-UNNAMED --add-opens=java.base/java.lang.invoke=ALL-UNNAMED --add-opens=java.base/java.util=ALL-UNNAMED --add-opens=java.prefs/java.util.prefs=ALL-UNNAMED --add-opens=java.prefs/java.util.prefs=ALL-UNNAMED --add-opens=java.base/java.nio.charset=ALL-UNNAMED --add-opens=java.base/java.net=ALL-UNNAMED --add-opens=java.base/java.util.concurrent.atomic=ALL-UNNAMED -Xmx2048m -Dfile.encoding=UTF-8 -Duser.country=IN -Duser.language=en -Duser.variant 
java_command: org.gradle.launcher.daemon.bootstrap.GradleDaemon 7.2
java_class_path (initial): C:\Users\Dell\.gradle\wrapper\dists\gradle-7.2-bin\2dnblmf4td7x66yl1d74lt32g\gradle-7.2\lib\gradle-launcher-7.2.jar
Launcher Type: SUN_STANDARD

[Global flags]
     intx CICompilerCount                          = 3                                         {product} {ergonomic}
     uint ConcGCThreads                            = 1                                         {product} {ergonomic}
     uint G1ConcRefinementThreads                  = 4                                         {product} {ergonomic}
   size_t G1HeapRegionSize                         = 1048576                                   {product} {ergonomic}
    uintx GCDrainStackTargetSize                   = 64                                        {product} {ergonomic}
   size_t InitialHeapSize                          = 132120576                                 {product} {ergonomic}
   size_t MarkStackSize                            = 4194304                                   {product} {ergonomic}
   size_t MaxHeapSize                              = 2147483648                                {product} {command line}
   size_t MaxNewSize                               = 1287651328                                {product} {ergonomic}
   size_t MinHeapDeltaBytes                        = 1048576                                   {product} {ergonomic}
    uintx NonNMethodCodeHeapSize                   = 5830732                                {pd product} {ergonomic}
    uintx NonProfiledCodeHeapSize                  = 122913754                              {pd product} {ergonomic}
    uintx ProfiledCodeHeapSize                     = 122913754                              {pd product} {ergonomic}
    uintx ReservedCodeCacheSize                    = 251658240                              {pd product} {ergonomic}
     bool SegmentedCodeCache                       = true                                      {product} {ergonomic}
     bool UseCompressedClassPointers               = true                                 {lp64_product} {ergonomic}
     bool UseCompressedOops                        = true                                 {lp64_product} {ergonomic}
     bool UseG1GC                                  = true                                      {product} {ergonomic}
     bool UseLargePagesIndividualAllocation        = false                                  {pd product} {ergonomic}

Logging:
Log output configuration:
 #0: stdout all=warning uptime,level,tags
 #1: stderr all=off uptime,level,tags

Environment Variables:
JAVA_HOME=C:\Program Files\Java\jdk1.8.0_333
PATH=C:\Program Files (x86)\Common Files\Oracle\Java\javapath;C:\WINDOWS\system32;C:\WINDOWS;C:\WINDOWS\System32\Wbem;C:\WINDOWS\System32\WindowsPowerShell\v1.0\;C:\WINDOWS\System32\OpenSSH\;C:\Program Files\Git\cmd;C:\Program Files\dotnet\;C:\Users\Dell\AppData\Local\Microsoft\WindowsApps;C:\flutter\flutter\bin;C:\Program Files\Git\bin;C:\Program Files\Git\cmd;C:\Program Files\Java\jdk1.8.0_333\bin;C:\Program Files\Java\jdk1.8.0_333\jre\bin;
USERNAME=Rajendra
OS=Windows_NT
PROCESSOR_IDENTIFIER=Intel64 Family 6 Model 78 Stepping 3, GenuineIntel



---------------  S Y S T E M  ---------------

OS: Windows 10 , 64 bit Build 19041 (10.0.19041.1741)
OS uptime: 0 days 0:56 hours

CPU:total 4 (initial active 4) (2 cores per cpu, 2 threads per core) family 6 model 78 stepping 3 microcode 0xcc, cmov, cx8, fxsr, mmx, sse, sse2, sse3, ssse3, sse4.1, sse4.2, popcnt, avx, avx2, aes, clmul, erms, 3dnowpref, lzcnt, ht, tsc, tscinvbit, bmi1, bmi2, adx, fma

Memory: 4k page, system-wide physical 8057M (436M free)
TotalPageFile size 13689M (AvailPageFile size 5229M)
current process WorkingSet (physical memory assigned to process): 487M, peak: 496M
current process commit charge ("private bytes"): 514M, peak: 523M

vm_info: OpenJDK 64-Bit Server VM (11.0.12+7-b1504.28-7817840) for windows-amd64 JRE (11.0.12+7-b1504.28-7817840), built on Oct 13 2021 22:12:33 by "builder" with MS VC++ 14.0 (VS2015)

END.
